Using pre-set license
Built from '2021.3/staging' branch; Version is '2021.3.11f1 (0a5ca18544bf) revision 679073'; Using compiler version '192829333'; Build Type 'Release'
OS: 'Windows 11  (10.0.22000) 64bit Professional' Language: 'en' Physical Memory: 32555 MB
BatchMode: 1, IsHumanControllingUs: 0, StartBugReporterOnCrash: 0, Is64bit: 1, IsPro: 1

COMMAND LINE ARGUMENTS:
C:\Program Files\Unity\Hub\Editor\2021.3.11f1\Editor\Unity.exe
-adb2
-batchMode
-noUpm
-name
AssetImportWorker2
-projectPath
C:/Users/Mark/Documents/GitHub/TurnBased-Prototype/TurnBased-Prototype
-logFile
Logs/AssetImportWorker2.log
-srvPort
49168
Successfully changed project path to: C:/Users/Mark/Documents/GitHub/TurnBased-Prototype/TurnBased-Prototype
C:/Users/Mark/Documents/GitHub/TurnBased-Prototype/TurnBased-Prototype
[UnityMemory] Configuration Parameters - Can be set up in boot.config
    "memorysetup-bucket-allocator-granularity=16"
    "memorysetup-bucket-allocator-bucket-count=8"
    "memorysetup-bucket-allocator-block-size=33554432"
    "memorysetup-bucket-allocator-block-count=8"
    "memorysetup-main-allocator-block-size=16777216"
    "memorysetup-thread-allocator-block-size=16777216"
    "memorysetup-gfx-main-allocator-block-size=16777216"
    "memorysetup-gfx-thread-allocator-block-size=16777216"
    "memorysetup-cache-allocator-block-size=4194304"
    "memorysetup-typetree-allocator-block-size=2097152"
    "memorysetup-profiler-bucket-allocator-granularity=16"
    "memorysetup-profiler-bucket-allocator-bucket-count=8"
    "memorysetup-profiler-bucket-allocator-block-size=33554432"
    "memorysetup-profiler-bucket-allocator-block-count=8"
    "memorysetup-profiler-allocator-block-size=16777216"
    "memorysetup-profiler-editor-allocator-block-size=1048576"
    "memorysetup-temp-allocator-size-main=16777216"
    "memorysetup-job-temp-allocator-block-size=2097152"
    "memorysetup-job-temp-allocator-block-size-background=1048576"
    "memorysetup-job-temp-allocator-reduction-small-platforms=262144"
    "memorysetup-temp-allocator-size-background-worker=32768"
    "memorysetup-temp-allocator-size-job-worker=262144"
    "memorysetup-temp-allocator-size-preload-manager=33554432"
    "memorysetup-temp-allocator-size-nav-mesh-worker=65536"
    "memorysetup-temp-allocator-size-audio-worker=65536"
    "memorysetup-temp-allocator-size-cloud-worker=32768"
    "memorysetup-temp-allocator-size-gi-baking-worker=262144"
    "memorysetup-temp-allocator-size-gfx=262144"
Refreshing native plugins compatible for Editor in 76.00 ms, found 3 plugins.
Preloading 0 native plugins for Editor in 0.00 ms.
Initialize engine version: 2021.3.11f1 (0a5ca18544bf)
[Subsystems] Discovering subsystems at path C:/Program Files/Unity/Hub/Editor/2021.3.11f1/Editor/Data/Resources/UnitySubsystems
[Subsystems] Discovering subsystems at path C:/Users/Mark/Documents/GitHub/TurnBased-Prototype/TurnBased-Prototype/Assets
GfxDevice: creating device client; threaded=0; jobified=0
Direct3D:
    Version:  Direct3D 11.0 [level 11.1]
    Renderer: NVIDIA GeForce RTX 3080 (ID=0x2216)
    Vendor:   NVIDIA
    VRAM:     10078 MB
    Driver:   31.0.15.2225
Initialize mono
Mono path[0] = 'C:/Program Files/Unity/Hub/Editor/2021.3.11f1/Editor/Data/Managed'
Mono path[1] = 'C:/Program Files/Unity/Hub/Editor/2021.3.11f1/Editor/Data/MonoBleedingEdge/lib/mono/unityjit-win32'
Mono config path = 'C:/Program Files/Unity/Hub/Editor/2021.3.11f1/Editor/Data/MonoBleedingEdge/etc'
Using monoOptions --debugger-agent=transport=dt_socket,embedding=1,server=y,suspend=n,address=127.0.0.1:56356
Begin MonoManager ReloadAssembly
Registering precompiled unity dll's ...
Register platform support module: C:/Program Files/Unity/Hub/Editor/2021.3.11f1/Editor/Data/PlaybackEngines/WindowsStandaloneSupport/UnityEditor.WindowsStandalone.Extensions.dll
Registered in 0.002892 seconds.
Native extension for WindowsStandalone target not found
Refreshing native plugins compatible for Editor in 75.44 ms, found 3 plugins.
Preloading 0 native plugins for Editor in 0.00 ms.
Mono: successfully reloaded assembly
- Completed reload, in  0.410 seconds
Domain Reload Profiling:
	ReloadAssembly (410ms)
		BeginReloadAssembly (42ms)
			ExecutionOrderSort (0ms)
			DisableScriptedObjects (0ms)
			BackupInstance (0ms)
			ReleaseScriptingObjects (0ms)
			CreateAndSetChildDomain (0ms)
		EndReloadAssembly (302ms)
			LoadAssemblies (41ms)
			RebuildTransferFunctionScriptingTraits (0ms)
			SetupTypeCache (63ms)
			ReleaseScriptCaches (0ms)
			RebuildScriptCaches (15ms)
			SetupLoadedEditorAssemblies (194ms)
				LogAssemblyErrors (0ms)
				InitializePlatformSupportModulesInManaged (4ms)
				SetLoadedEditorAssemblies (0ms)
				RefreshPlugins (76ms)
				BeforeProcessingInitializeOnLoad (1ms)
				ProcessInitializeOnLoadAttributes (84ms)
				ProcessInitializeOnLoadMethodAttributes (29ms)
				AfterProcessingInitializeOnLoad (0ms)
				EditorAssembliesLoaded (0ms)
			ExecutionOrderSort2 (0ms)
			AwakeInstancesAfterBackupRestoration (0ms)
Platform modules already initialized, skipping
Registering precompiled user dll's ...
Registered in 0.004520 seconds.
Begin MonoManager ReloadAssembly
Symbol file LoadedFromMemory doesn't match image C:\Users\Mark\Documents\GitHub\TurnBased-Prototype\TurnBased-Prototype\Library\PackageCache\com.unity.visualscripting@1.7.8\Editor\VisualScripting.Core\Dependencies\YamlDotNet\Unity.VisualScripting.YamlDotNet.dll
Symbol file LoadedFromMemory doesn't match image C:\Users\Mark\Documents\GitHub\TurnBased-Prototype\TurnBased-Prototype\Library\PackageCache\com.unity.visualscripting@1.7.8\Editor\VisualScripting.Core\Dependencies\DotNetZip\Unity.VisualScripting.IonicZip.dll
Native extension for WindowsStandalone target not found
Refreshing native plugins compatible for Editor in 79.04 ms, found 3 plugins.
Preloading 0 native plugins for Editor in 0.00 ms.
Mono: successfully reloaded assembly
- Completed reload, in  0.902 seconds
Domain Reload Profiling:
	ReloadAssembly (902ms)
		BeginReloadAssembly (62ms)
			ExecutionOrderSort (0ms)
			DisableScriptedObjects (3ms)
			BackupInstance (0ms)
			ReleaseScriptingObjects (0ms)
			CreateAndSetChildDomain (11ms)
		EndReloadAssembly (768ms)
			LoadAssemblies (51ms)
			RebuildTransferFunctionScriptingTraits (0ms)
			SetupTypeCache (187ms)
			ReleaseScriptCaches (1ms)
			RebuildScriptCaches (52ms)
			SetupLoadedEditorAssemblies (443ms)
				LogAssemblyErrors (0ms)
				InitializePlatformSupportModulesInManaged (3ms)
				SetLoadedEditorAssemblies (0ms)
				RefreshPlugins (79ms)
				BeforeProcessingInitializeOnLoad (77ms)
				ProcessInitializeOnLoadAttributes (229ms)
				ProcessInitializeOnLoadMethodAttributes (52ms)
				AfterProcessingInitializeOnLoad (3ms)
				EditorAssembliesLoaded (0ms)
			ExecutionOrderSort2 (0ms)
			AwakeInstancesAfterBackupRestoration (4ms)
Platform modules already initialized, skipping
========================================================================
Worker process is ready to serve import requests
Launched and connected shader compiler UnityShaderCompiler.exe after 0.03 seconds
Refreshing native plugins compatible for Editor in 0.92 ms, found 3 plugins.
Preloading 0 native plugins for Editor in 0.00 ms.
Unloading 6035 Unused Serialized files (Serialized files now loaded: 0)
Unloading 51 unused Assets / (0.8 MB). Loaded Objects now: 6490.
Memory consumption went from 242.0 MB to 241.2 MB.
Total: 2.768300 ms (FindLiveObjects: 0.338200 ms CreateObjectMapping: 0.177400 ms MarkObjects: 2.025900 ms  DeleteObjects: 0.225900 ms)

AssetImportParameters requested are different than current active one (requested -> active):
  custom:video-decoder-ogg-theora: a1e56fd34408186e4bbccfd4996cb3dc -> 
  custom:container-muxer-webm: aa71ff27fc2769a1b78a27578f13a17b -> 
  custom:container-demuxer-webm: 4f35f7cbe854078d1ac9338744f61a02 -> 
  custom:video-encoder-webm-vp8: eb34c28f22e8b96e1ab97ce403110664 -> 
  custom:video-codec-MediaFoundation-h265: e54d7ab0439102e2317fc1e4b246158d -> 
  custom:audio-encoder-webm-vorbis: bf7c407c2cedff20999df2af8eb42d56 -> 
  custom:framework-win-MediaFoundation: 216162199b28c13a410421893ffa2e32 -> 
  custom:container-demuxer-ogg: 62fdf1f143b41e24485cea50d1cbac27 -> 
  custom:video-decoder-webm-vp8: 9c59270c3fd7afecdb556c50c9e8de78 -> 
  custom:audio-decoder-ogg-vorbis: bf7c407c2cedff20999df2af8eb42d56 -> 
========================================================================
Received Import Request.
  Time since last request: 15371.655627 seconds.
  path: Assets/Asset Packs/PolygonPrototype/Prefabs/Icons/SM_Icon_Ammo_02.prefab
  artifactKey: Guid(066f87768082f0e469955d85666f188a) Importer(815301076,1909f56bfc062723c751e8b465ee728b)
Start importing Assets/Asset Packs/PolygonPrototype/Prefabs/Icons/SM_Icon_Ammo_02.prefab using Guid(066f87768082f0e469955d85666f188a) Importer(815301076,1909f56bfc062723c751e8b465ee728b)  -> (artifact id: '09ebc08370a3a94b676460ec352b7058') in 0.201424 seconds 
========================================================================
Received Import Request.
  Time since last request: 0.000041 seconds.
  path: Assets/Asset Packs/PolygonPrototype/Prefabs/Icons/SM_Icon_Letter_Colon_01.prefab
  artifactKey: Guid(53d882b2c174f284ca2ce530b1212e6c) Importer(815301076,1909f56bfc062723c751e8b465ee728b)
Start importing Assets/Asset Packs/PolygonPrototype/Prefabs/Icons/SM_Icon_Letter_Colon_01.prefab using Guid(53d882b2c174f284ca2ce530b1212e6c) Importer(815301076,1909f56bfc062723c751e8b465ee728b)  -> (artifact id: 'f8ac58bb0c76ace95b51298681677713') in 0.024221 seconds 
========================================================================
Received Import Request.
  Time since last request: 0.000035 seconds.
  path: Assets/Asset Packs/PolygonPrototype/Prefabs/Icons/SM_Icon_Letter_L_01.prefab
  artifactKey: Guid(c28f42d448414574ba705455801920cb) Importer(815301076,1909f56bfc062723c751e8b465ee728b)
Start importing Assets/Asset Packs/PolygonPrototype/Prefabs/Icons/SM_Icon_Letter_L_01.prefab using Guid(c28f42d448414574ba705455801920cb) Importer(815301076,1909f56bfc062723c751e8b465ee728b)  -> (artifact id: '5550a395167f8644b9d2a0e40f649c68') in 0.021365 seconds 
========================================================================
Received Import Request.
  Time since last request: 0.000025 seconds.
  path: Assets/Asset Packs/PolygonPrototype/Prefabs/Icons/SM_Icon_Arrow_Small_02.prefab
  artifactKey: Guid(8cb37d83f3e257a46a6091949dabd616) Importer(815301076,1909f56bfc062723c751e8b465ee728b)
Start importing Assets/Asset Packs/PolygonPrototype/Prefabs/Icons/SM_Icon_Arrow_Small_02.prefab using Guid(8cb37d83f3e257a46a6091949dabd616) Importer(815301076,1909f56bfc062723c751e8b465ee728b)  -> (artifact id: '927cbe9402e8ee10e5d7326b1ce49941') in 0.023125 seconds 
========================================================================
Received Import Request.
  Time since last request: 0.000022 seconds.
  path: Assets/Asset Packs/PolygonPrototype/Prefabs/Icons/SM_Icon_Letter_U_01.prefab
  artifactKey: Guid(958d3b31b640ec34797cc16885bea1ce) Importer(815301076,1909f56bfc062723c751e8b465ee728b)
Start importing Assets/Asset Packs/PolygonPrototype/Prefabs/Icons/SM_Icon_Letter_U_01.prefab using Guid(958d3b31b640ec34797cc16885bea1ce) Importer(815301076,1909f56bfc062723c751e8b465ee728b)  -> (artifact id: 'd1c721ed08773d9901a78a7e980de2b2') in 0.020116 seconds 
========================================================================
Received Import Request.
  Time since last request: 0.000029 seconds.
  path: Assets/Asset Packs/PolygonPrototype/Prefabs/Icons/SM_Icon_Gun_01.prefab
  artifactKey: Guid(e42189c530de6c944961b54c51a398e6) Importer(815301076,1909f56bfc062723c751e8b465ee728b)
Start importing Assets/Asset Packs/PolygonPrototype/Prefabs/Icons/SM_Icon_Gun_01.prefab using Guid(e42189c530de6c944961b54c51a398e6) Importer(815301076,1909f56bfc062723c751e8b465ee728b)  -> (artifact id: '39bd7774482899e82356525d282ae1fd') in 0.029152 seconds 
========================================================================
Received Import Request.
  Time since last request: 0.000022 seconds.
  path: Assets/Asset Packs/PolygonPrototype/Prefabs/Icons/SM_Icon_Letter_Apostrophe_01.prefab
  artifactKey: Guid(67a73f5a849d6c240b647e9322bf34a9) Importer(815301076,1909f56bfc062723c751e8b465ee728b)
Start importing Assets/Asset Packs/PolygonPrototype/Prefabs/Icons/SM_Icon_Letter_Apostrophe_01.prefab using Guid(67a73f5a849d6c240b647e9322bf34a9) Importer(815301076,1909f56bfc062723c751e8b465ee728b)  -> (artifact id: 'f19a27d647f648633fdade2888ec6e04') in 0.021113 seconds 
========================================================================
Received Import Request.
  Time since last request: 0.000021 seconds.
  path: Assets/Asset Packs/PolygonPrototype/Prefabs/Icons/SM_Icon_Guage_Bar_01.prefab
  artifactKey: Guid(c6e5d3c3985bfbb499102dd996b8ef94) Importer(815301076,1909f56bfc062723c751e8b465ee728b)
Start importing Assets/Asset Packs/PolygonPrototype/Prefabs/Icons/SM_Icon_Guage_Bar_01.prefab using Guid(c6e5d3c3985bfbb499102dd996b8ef94) Importer(815301076,1909f56bfc062723c751e8b465ee728b)  -> (artifact id: '98b73e0c3a07ceee2c47f0f6ee5cd87e') in 0.021934 seconds 
========================================================================
Received Import Request.
  Time since last request: 0.000038 seconds.
  path: Assets/Asset Packs/PolygonPrototype/Prefabs/Icons/SM_Icon_Letter_K_01.prefab
  artifactKey: Guid(12cabe384aad81e4085d94aeaed39a42) Importer(815301076,1909f56bfc062723c751e8b465ee728b)
Start importing Assets/Asset Packs/PolygonPrototype/Prefabs/Icons/SM_Icon_Letter_K_01.prefab using Guid(12cabe384aad81e4085d94aeaed39a42) Importer(815301076,1909f56bfc062723c751e8b465ee728b)  -> (artifact id: 'e2b533bae34330af600733857302e08b') in 0.024913 seconds 
========================================================================
Received Import Request.
  Time since last request: 0.000040 seconds.
  path: Assets/Asset Packs/PolygonPrototype/Prefabs/Icons/SM_Icon_Coin_03.prefab
  artifactKey: Guid(937e9c32396257a4a9ab472491ad7601) Importer(815301076,1909f56bfc062723c751e8b465ee728b)
Start importing Assets/Asset Packs/PolygonPrototype/Prefabs/Icons/SM_Icon_Coin_03.prefab using Guid(937e9c32396257a4a9ab472491ad7601) Importer(815301076,1909f56bfc062723c751e8b465ee728b)  -> (artifact id: '832ec6e79de2c164eec631b8b940166f') in 0.028330 seconds 
========================================================================
Received Import Request.
  Time since last request: 0.000035 seconds.
  path: Assets/Asset Packs/PolygonPrototype/Prefabs/Icons/SM_Icon_Banana_01.prefab
  artifactKey: Guid(6d6df00930f742f4eb77495f4b0b4c9c) Importer(815301076,1909f56bfc062723c751e8b465ee728b)
Start importing Assets/Asset Packs/PolygonPrototype/Prefabs/Icons/SM_Icon_Banana_01.prefab using Guid(6d6df00930f742f4eb77495f4b0b4c9c) Importer(815301076,1909f56bfc062723c751e8b465ee728b)  -> (artifact id: 'e0030d321f6abb3f0edc9255fae650a7') in 0.030988 seconds 
========================================================================
Received Import Request.
  Time since last request: 0.000063 seconds.
  path: Assets/Asset Packs/PolygonPrototype/Prefabs/Icons/SM_Icon_Arrow_Long_Curve_02.prefab
  artifactKey: Guid(c1c47c243c7e27e4da829882dd3c5cbf) Importer(815301076,1909f56bfc062723c751e8b465ee728b)
Start importing Assets/Asset Packs/PolygonPrototype/Prefabs/Icons/SM_Icon_Arrow_Long_Curve_02.prefab using Guid(c1c47c243c7e27e4da829882dd3c5cbf) Importer(815301076,1909f56bfc062723c751e8b465ee728b)  -> (artifact id: '44c094a9e3f399ad37937054edcfe7a3') in 0.021714 seconds 
========================================================================
Received Import Request.
  Time since last request: 0.000022 seconds.
  path: Assets/Asset Packs/PolygonPrototype/Prefabs/Icons/SM_Icon_Letter_Exclamation_01.prefab
  artifactKey: Guid(2fb9237466bb67a4aba3a1257a0190fb) Importer(815301076,1909f56bfc062723c751e8b465ee728b)
Start importing Assets/Asset Packs/PolygonPrototype/Prefabs/Icons/SM_Icon_Letter_Exclamation_01.prefab using Guid(2fb9237466bb67a4aba3a1257a0190fb) Importer(815301076,1909f56bfc062723c751e8b465ee728b)  -> (artifact id: 'd74090ca1a699e42e9529973629ab6d2') in 0.022463 seconds 
========================================================================
Received Import Request.
  Time since last request: 0.000030 seconds.
  path: Assets/Asset Packs/PolygonPrototype/Prefabs/Icons/SM_Icon_Letter_W_01.prefab
  artifactKey: Guid(82fe491ba85f82a4a9e898fbae9357fb) Importer(815301076,1909f56bfc062723c751e8b465ee728b)
Start importing Assets/Asset Packs/PolygonPrototype/Prefabs/Icons/SM_Icon_Letter_W_01.prefab using Guid(82fe491ba85f82a4a9e898fbae9357fb) Importer(815301076,1909f56bfc062723c751e8b465ee728b)  -> (artifact id: 'd28e72de27f68856e097f3cbad6befb1') in 0.025505 seconds 
========================================================================
Received Import Request.
  Time since last request: 0.000033 seconds.
  path: Assets/Asset Packs/PolygonPrototype/Prefabs/Icons/SM_Icon_Letter_E_01.prefab
  artifactKey: Guid(2071a849598a9a84abc73cefddaad535) Importer(815301076,1909f56bfc062723c751e8b465ee728b)
Start importing Assets/Asset Packs/PolygonPrototype/Prefabs/Icons/SM_Icon_Letter_E_01.prefab using Guid(2071a849598a9a84abc73cefddaad535) Importer(815301076,1909f56bfc062723c751e8b465ee728b)  -> (artifact id: '7f7e3bc401cda204b31b568831e445c3') in 0.020126 seconds 
========================================================================
Received Import Request.
  Time since last request: 0.000038 seconds.
  path: Assets/Asset Packs/PolygonPrototype/Prefabs/Icons/SM_Icon_Letter_X_01.prefab
  artifactKey: Guid(afe427e413bd1e84b885d8198f01fa2c) Importer(815301076,1909f56bfc062723c751e8b465ee728b)
Start importing Assets/Asset Packs/PolygonPrototype/Prefabs/Icons/SM_Icon_Letter_X_01.prefab using Guid(afe427e413bd1e84b885d8198f01fa2c) Importer(815301076,1909f56bfc062723c751e8b465ee728b)  -> (artifact id: '48bf1ae3d90e6e01a5d664b72860d651') in 0.020133 seconds 
========================================================================
Received Import Request.
  Time since last request: 0.000036 seconds.
  path: Assets/Asset Packs/PolygonPrototype/Prefabs/Icons/SM_Icon_Arrow_Small_05.prefab
  artifactKey: Guid(7d28971e21882dd46ae93ffee3024201) Importer(815301076,1909f56bfc062723c751e8b465ee728b)
Start importing Assets/Asset Packs/PolygonPrototype/Prefabs/Icons/SM_Icon_Arrow_Small_05.prefab using Guid(7d28971e21882dd46ae93ffee3024201) Importer(815301076,1909f56bfc062723c751e8b465ee728b)  -> (artifact id: 'd53a0381a1fb7dfc65b4299c3dd9d58d') in 0.018365 seconds 
========================================================================
Received Import Request.
  Time since last request: 0.673221 seconds.
  path: Assets/Asset Packs/PolygonPrototype/Prefabs/Icons/SM_Icon_Light_Pointlight_01.prefab
  artifactKey: Guid(b05ba32991cb2d34a934c6424aa79755) Importer(815301076,1909f56bfc062723c751e8b465ee728b)
Start importing Assets/Asset Packs/PolygonPrototype/Prefabs/Icons/SM_Icon_Light_Pointlight_01.prefab using Guid(b05ba32991cb2d34a934c6424aa79755) Importer(815301076,1909f56bfc062723c751e8b465ee728b)  -> (artifact id: '979a657bc1fb0ba82a9a11b4fd240e3a') in 0.018094 seconds 
========================================================================
Received Import Request.
  Time since last request: 0.000038 seconds.
  path: Assets/Asset Packs/PolygonPrototype/Prefabs/Icons/SM_Icon_Number_0_01.prefab
  artifactKey: Guid(74a9257a661a37549802618b294858b9) Importer(815301076,1909f56bfc062723c751e8b465ee728b)
Start importing Assets/Asset Packs/PolygonPrototype/Prefabs/Icons/SM_Icon_Number_0_01.prefab using Guid(74a9257a661a37549802618b294858b9) Importer(815301076,1909f56bfc062723c751e8b465ee728b)  -> (artifact id: '5742e68827b13d3546f75d2fee06945b') in 0.016846 seconds 
========================================================================
Received Import Request.
  Time since last request: 0.000023 seconds.
  path: Assets/Asset Packs/PolygonPrototype/Prefabs/Icons/SM_Icon_Number_7_01.prefab
  artifactKey: Guid(9ed65ffa45c2dae4a9af1014177bbb9f) Importer(815301076,1909f56bfc062723c751e8b465ee728b)
Start importing Assets/Asset Packs/PolygonPrototype/Prefabs/Icons/SM_Icon_Number_7_01.prefab using Guid(9ed65ffa45c2dae4a9af1014177bbb9f) Importer(815301076,1909f56bfc062723c751e8b465ee728b)  -> (artifact id: '17d6ed14fa3d0cfef6780145976af63b') in 0.018901 seconds 
========================================================================
Received Import Request.
  Time since last request: 0.000020 seconds.
  path: Assets/Asset Packs/PolygonPrototype/Prefabs/Icons/SM_Icon_Number_5_01.prefab
  artifactKey: Guid(edb94f6a4d78d78428b82adb73621cf7) Importer(815301076,1909f56bfc062723c751e8b465ee728b)
Start importing Assets/Asset Packs/PolygonPrototype/Prefabs/Icons/SM_Icon_Number_5_01.prefab using Guid(edb94f6a4d78d78428b82adb73621cf7) Importer(815301076,1909f56bfc062723c751e8b465ee728b)  -> (artifact id: 'c53add53c84850e1992fec16850fa5b4') in 0.019971 seconds 
========================================================================
Received Import Request.
  Time since last request: 0.000038 seconds.
  path: Assets/Asset Packs/PolygonPrototype/Prefabs/Icons/SM_Icon_Pencil_01.prefab
  artifactKey: Guid(6d9eab045b895c3419d07d3b538a765a) Importer(815301076,1909f56bfc062723c751e8b465ee728b)
Start importing Assets/Asset Packs/PolygonPrototype/Prefabs/Icons/SM_Icon_Pencil_01.prefab using Guid(6d9eab045b895c3419d07d3b538a765a) Importer(815301076,1909f56bfc062723c751e8b465ee728b)  -> (artifact id: 'b26790378c86dd47b82adf99cd9abb45') in 0.023079 seconds 
========================================================================
Received Import Request.
  Time since last request: 0.000028 seconds.
  path: Assets/Asset Packs/PolygonPrototype/Prefabs/Icons/SM_Icon_Save_01.prefab
  artifactKey: Guid(9f70a41a72d944c4b8b13981cb235e50) Importer(815301076,1909f56bfc062723c751e8b465ee728b)
Start importing Assets/Asset Packs/PolygonPrototype/Prefabs/Icons/SM_Icon_Save_01.prefab using Guid(9f70a41a72d944c4b8b13981cb235e50) Importer(815301076,1909f56bfc062723c751e8b465ee728b)  -> (artifact id: '4fae3603970ad6a37c19237b5b002f8a') in 0.024135 seconds 
========================================================================
Received Import Request.
  Time since last request: 0.000019 seconds.
  path: Assets/Asset Packs/PolygonPrototype/Prefabs/Icons/SM_Icon_SelectionRing_05.prefab
  artifactKey: Guid(d3291f8781d26a04189ab3143fd13128) Importer(815301076,1909f56bfc062723c751e8b465ee728b)
Start importing Assets/Asset Packs/PolygonPrototype/Prefabs/Icons/SM_Icon_SelectionRing_05.prefab using Guid(d3291f8781d26a04189ab3143fd13128) Importer(815301076,1909f56bfc062723c751e8b465ee728b)  -> (artifact id: '07c612a13deb516bffc3ee94c74f5c85') in 0.020811 seconds 
========================================================================
Received Import Request.
  Time since last request: 0.000026 seconds.
  path: Assets/Asset Packs/PolygonPrototype/Prefabs/Icons/SM_Icon_Shield_01.prefab
  artifactKey: Guid(1961192e49bb4e14a96c112a868b1389) Importer(815301076,1909f56bfc062723c751e8b465ee728b)
Start importing Assets/Asset Packs/PolygonPrototype/Prefabs/Icons/SM_Icon_Shield_01.prefab using Guid(1961192e49bb4e14a96c112a868b1389) Importer(815301076,1909f56bfc062723c751e8b465ee728b)  -> (artifact id: '426277d218a1ca6c0392406ac3551b2d') in 0.019226 seconds 
========================================================================
Received Import Request.
  Time since last request: 0.000574 seconds.
  path: Assets/Asset Packs/PolygonPrototype/Prefabs/Icons/SM_Icon_SpeechBubble_02.prefab
  artifactKey: Guid(58df0da85d616cd41ab7a55c6bdd6b75) Importer(815301076,1909f56bfc062723c751e8b465ee728b)
Start importing Assets/Asset Packs/PolygonPrototype/Prefabs/Icons/SM_Icon_SpeechBubble_02.prefab using Guid(58df0da85d616cd41ab7a55c6bdd6b75) Importer(815301076,1909f56bfc062723c751e8b465ee728b)  -> (artifact id: '4bc129dc45e93c330fd49c5cb70fe500') in 0.023224 seconds 
========================================================================
Received Import Request.
  Time since last request: 0.000027 seconds.
  path: Assets/Asset Packs/PolygonPrototype/Prefabs/Icons/SM_Icon_System_01.prefab
  artifactKey: Guid(dd7967db9a118444ca122b8b7c915907) Importer(815301076,1909f56bfc062723c751e8b465ee728b)
Start importing Assets/Asset Packs/PolygonPrototype/Prefabs/Icons/SM_Icon_System_01.prefab using Guid(dd7967db9a118444ca122b8b7c915907) Importer(815301076,1909f56bfc062723c751e8b465ee728b)  -> (artifact id: '9d77e1e0f8d8ac1ac53e35295e22f322') in 0.017679 seconds 
========================================================================
Received Import Request.
  Time since last request: 0.000036 seconds.
  path: Assets/Asset Packs/PolygonPrototype/Prefabs/Icons/SM_Icon_Text_Start_01.prefab
  artifactKey: Guid(25879f4e0819bfd4bb8100782c43775c) Importer(815301076,1909f56bfc062723c751e8b465ee728b)
Start importing Assets/Asset Packs/PolygonPrototype/Prefabs/Icons/SM_Icon_Text_Start_01.prefab using Guid(25879f4e0819bfd4bb8100782c43775c) Importer(815301076,1909f56bfc062723c751e8b465ee728b)  -> (artifact id: 'c9ab7e37ead147b43aacc0db5f958e58') in 0.018739 seconds 
========================================================================
Received Import Request.
  Time since last request: 0.151868 seconds.
  path: Assets/Asset Packs/PolygonPrototype/Prefabs/Icons/SM_Icon_Watch_01.prefab
  artifactKey: Guid(d3c90cdc1bc776d4d89c73fca7e183dd) Importer(815301076,1909f56bfc062723c751e8b465ee728b)
Start importing Assets/Asset Packs/PolygonPrototype/Prefabs/Icons/SM_Icon_Watch_01.prefab using Guid(d3c90cdc1bc776d4d89c73fca7e183dd) Importer(815301076,1909f56bfc062723c751e8b465ee728b)  -> (artifact id: 'b03357556af59a4bfd7ab8c821d7a638') in 0.017621 seconds 
========================================================================
Received Import Request.
  Time since last request: 0.000036 seconds.
  path: Assets/Asset Packs/PolygonPrototype/Prefabs/Icons/SM_Icon_Weather_Rain_01.prefab
  artifactKey: Guid(400e2f511a37d5641a67cc708e2e50a0) Importer(815301076,1909f56bfc062723c751e8b465ee728b)
Start importing Assets/Asset Packs/PolygonPrototype/Prefabs/Icons/SM_Icon_Weather_Rain_01.prefab using Guid(400e2f511a37d5641a67cc708e2e50a0) Importer(815301076,1909f56bfc062723c751e8b465ee728b)  -> (artifact id: 'aa6a8787610ce2245b247700313c7545') in 0.017767 seconds 
========================================================================
Received Import Request.
  Time since last request: 0.000051 seconds.
  path: Assets/Asset Packs/PolygonPrototype/Prefabs/Icons/SM_Note_Crap_01.prefab
  artifactKey: Guid(7f9658b34ea62bb4f956eb49dd193aeb) Importer(815301076,1909f56bfc062723c751e8b465ee728b)
Start importing Assets/Asset Packs/PolygonPrototype/Prefabs/Icons/SM_Note_Crap_01.prefab using Guid(7f9658b34ea62bb4f956eb49dd193aeb) Importer(815301076,1909f56bfc062723c751e8b465ee728b)  -> (artifact id: 'e7cb7e0c5ffb545f45b3e8d01417c902') in 0.017944 seconds 
========================================================================
Received Import Request.
  Time since last request: 0.000037 seconds.
  path: Assets/Asset Packs/PolygonPrototype/Prefabs/Icons/SM_Note_Fix_01.prefab
  artifactKey: Guid(02617dcd35560444aa38ceaec08f0cca) Importer(815301076,1909f56bfc062723c751e8b465ee728b)
Start importing Assets/Asset Packs/PolygonPrototype/Prefabs/Icons/SM_Note_Fix_01.prefab using Guid(02617dcd35560444aa38ceaec08f0cca) Importer(815301076,1909f56bfc062723c751e8b465ee728b)  -> (artifact id: '441deacbd4396cef22e6afa50b4d769a') in 0.020187 seconds 
========================================================================
Received Import Request.
  Time since last request: 0.000059 seconds.
  path: Assets/Asset Packs/PolygonPrototype/Prefabs/Icons/SM_Note_Test_01.prefab
  artifactKey: Guid(faf5d3bc870ae5e4da3635be8b819621) Importer(815301076,1909f56bfc062723c751e8b465ee728b)
Start importing Assets/Asset Packs/PolygonPrototype/Prefabs/Icons/SM_Note_Test_01.prefab using Guid(faf5d3bc870ae5e4da3635be8b819621) Importer(815301076,1909f56bfc062723c751e8b465ee728b)  -> (artifact id: '3c6151ffdfea0e1f16c282742afcd6b6') in 0.020682 seconds 
========================================================================
Received Import Request.
  Time since last request: 12.989518 seconds.
  path: Assets/Asset Packs/PolygonPrototype/Prefabs/Generic/SM_Generic_Cloud_02.prefab
  artifactKey: Guid(946ab6c23f91a5648a10f6b06cccea74) Importer(815301076,1909f56bfc062723c751e8b465ee728b)
Start importing Assets/Asset Packs/PolygonPrototype/Prefabs/Generic/SM_Generic_Cloud_02.prefab using Guid(946ab6c23f91a5648a10f6b06cccea74) Importer(815301076,1909f56bfc062723c751e8b465ee728b)  -> (artifact id: '8adba8a63e7f14bc9aa9ea8cf07ceab2') in 0.016859 seconds 
========================================================================
Received Import Request.
  Time since last request: 0.000028 seconds.
  path: Assets/Asset Packs/PolygonPrototype/Prefabs/Generic/SM_Generic_Mountains_Grass_01.prefab
  artifactKey: Guid(592e533f873a77f4aad3561e2a0ed3fd) Importer(815301076,1909f56bfc062723c751e8b465ee728b)
Start importing Assets/Asset Packs/PolygonPrototype/Prefabs/Generic/SM_Generic_Mountains_Grass_01.prefab using Guid(592e533f873a77f4aad3561e2a0ed3fd) Importer(815301076,1909f56bfc062723c751e8b465ee728b)  -> (artifact id: 'bdd949b50f300d556a90d72bd4690206') in 0.024573 seconds 
========================================================================
Received Import Request.
  Time since last request: 0.000022 seconds.
  path: Assets/Asset Packs/PolygonPrototype/Prefabs/Generic/SM_Generic_Tree_01.prefab
  artifactKey: Guid(408f59ce148892a4480e8987e8a029b1) Importer(815301076,1909f56bfc062723c751e8b465ee728b)
Start importing Assets/Asset Packs/PolygonPrototype/Prefabs/Generic/SM_Generic_Tree_01.prefab using Guid(408f59ce148892a4480e8987e8a029b1) Importer(815301076,1909f56bfc062723c751e8b465ee728b)  -> (artifact id: '4911bc4b4dc122c9151cb9e110483647') in 0.022369 seconds 
========================================================================
Received Import Request.
  Time since last request: 0.000024 seconds.
  path: Assets/Asset Packs/PolygonPrototype/Prefabs/Generic/SM_Generic_TreeStump_01.prefab
  artifactKey: Guid(fa66820763744ef46b5a9cfb5ef88187) Importer(815301076,1909f56bfc062723c751e8b465ee728b)
Start importing Assets/Asset Packs/PolygonPrototype/Prefabs/Generic/SM_Generic_TreeStump_01.prefab using Guid(fa66820763744ef46b5a9cfb5ef88187) Importer(815301076,1909f56bfc062723c751e8b465ee728b)  -> (artifact id: '58711efdbebedd7f0be179d0bee8ff51') in 0.022344 seconds 
========================================================================
Received Import Request.
  Time since last request: 6.463148 seconds.
  path: Assets/Asset Packs/PolygonPrototype/Prefabs/Props/SM_Prop_Bat_01.prefab
  artifactKey: Guid(133f932775f5bff43a09e7bcb2f346dc) Importer(815301076,1909f56bfc062723c751e8b465ee728b)
Start importing Assets/Asset Packs/PolygonPrototype/Prefabs/Props/SM_Prop_Bat_01.prefab using Guid(133f932775f5bff43a09e7bcb2f346dc) Importer(815301076,1909f56bfc062723c751e8b465ee728b)  -> (artifact id: '40d68cc1b1aab5bb4798dfe080625664') in 0.016900 seconds 
========================================================================
Received Import Request.
  Time since last request: 0.000025 seconds.
  path: Assets/Asset Packs/PolygonPrototype/Prefabs/Props/SM_Prop_Crate_01.prefab
  artifactKey: Guid(e1b9e21039285c042b92ea66c7f1c444) Importer(815301076,1909f56bfc062723c751e8b465ee728b)
Start importing Assets/Asset Packs/PolygonPrototype/Prefabs/Props/SM_Prop_Crate_01.prefab using Guid(e1b9e21039285c042b92ea66c7f1c444) Importer(815301076,1909f56bfc062723c751e8b465ee728b)  -> (artifact id: '158827ce50e13bb6f4b984a3d9243e4b') in 0.015609 seconds 
========================================================================
Received Import Request.
  Time since last request: 0.000023 seconds.
  path: Assets/Asset Packs/PolygonPrototype/Prefabs/Props/SM_Prop_Crate_Exclamation_01.prefab
  artifactKey: Guid(7094eb5fc31a84847a29440d1ce60ec6) Importer(815301076,1909f56bfc062723c751e8b465ee728b)
Start importing Assets/Asset Packs/PolygonPrototype/Prefabs/Props/SM_Prop_Crate_Exclamation_01.prefab using Guid(7094eb5fc31a84847a29440d1ce60ec6) Importer(815301076,1909f56bfc062723c751e8b465ee728b)  -> (artifact id: '64904e850937459c6ebd3787ec19f1aa') in 0.019662 seconds 
========================================================================
Received Import Request.
  Time since last request: 0.000021 seconds.
  path: Assets/Asset Packs/PolygonPrototype/Prefabs/Props/SM_Prop_Pipe_Curve_01.prefab
  artifactKey: Guid(3f69af6bac8cc454aa0e1a8cb1d41ac8) Importer(815301076,1909f56bfc062723c751e8b465ee728b)
Start importing Assets/Asset Packs/PolygonPrototype/Prefabs/Props/SM_Prop_Pipe_Curve_01.prefab using Guid(3f69af6bac8cc454aa0e1a8cb1d41ac8) Importer(815301076,1909f56bfc062723c751e8b465ee728b)  -> (artifact id: '870987bebad50fa1cd5445955e2a6f58') in 0.019925 seconds 
========================================================================
Received Import Request.
  Time since last request: 0.000022 seconds.
  path: Assets/Asset Packs/PolygonPrototype/Prefabs/Props/SM_Prop_Rifle_01.prefab
  artifactKey: Guid(c25ac4fdc903e7d49a7520930673ecd6) Importer(815301076,1909f56bfc062723c751e8b465ee728b)
Start importing Assets/Asset Packs/PolygonPrototype/Prefabs/Props/SM_Prop_Rifle_01.prefab using Guid(c25ac4fdc903e7d49a7520930673ecd6) Importer(815301076,1909f56bfc062723c751e8b465ee728b)  -> (artifact id: 'c7740362240eda69defc881156948df7') in 0.019936 seconds 
========================================================================
Received Import Request.
  Time since last request: 0.000023 seconds.
  path: Assets/Asset Packs/PolygonPrototype/Prefabs/Props/SM_Prop_Tree_Palm_01.prefab
  artifactKey: Guid(b8fbd80bb369bdc418c404e87bf5821b) Importer(815301076,1909f56bfc062723c751e8b465ee728b)
Start importing Assets/Asset Packs/PolygonPrototype/Prefabs/Props/SM_Prop_Tree_Palm_01.prefab using Guid(b8fbd80bb369bdc418c404e87bf5821b) Importer(815301076,1909f56bfc062723c751e8b465ee728b)  -> (artifact id: '930eb4d0103d6b2bd8371025821765be') in 0.017797 seconds 
========================================================================
Received Import Request.
  Time since last request: 0.000026 seconds.
  path: Assets/Asset Packs/PolygonPrototype/Prefabs/Props/SM_Prop_Target_Stand_01.prefab
  artifactKey: Guid(343a362cd2f920440a92d2c3068a04fc) Importer(815301076,1909f56bfc062723c751e8b465ee728b)
Start importing Assets/Asset Packs/PolygonPrototype/Prefabs/Props/SM_Prop_Target_Stand_01.prefab using Guid(343a362cd2f920440a92d2c3068a04fc) Importer(815301076,1909f56bfc062723c751e8b465ee728b)  -> (artifact id: '975af0d338d0c8bcd39cd8b4a3696b19') in 0.029790 seconds 
========================================================================
Received Import Request.
  Time since last request: 0.000020 seconds.
  path: Assets/Asset Packs/PolygonPrototype/Prefabs/Props/SM_Prop_Vase_01.prefab
  artifactKey: Guid(631e0fedef72ee24fa49b2748b197947) Importer(815301076,1909f56bfc062723c751e8b465ee728b)
Start importing Assets/Asset Packs/PolygonPrototype/Prefabs/Props/SM_Prop_Vase_01.prefab using Guid(631e0fedef72ee24fa49b2748b197947) Importer(815301076,1909f56bfc062723c751e8b465ee728b)  -> (artifact id: '8040f3a0867a992fbd4c63a7f859d867') in 0.018649 seconds 
========================================================================
Received Import Request.
  Time since last request: 0.000025 seconds.
  path: Assets/Asset Packs/PolygonPrototype/Prefabs/Props/SM_Switch_Button_01.prefab
  artifactKey: Guid(9d33c5200c013c44fad933a9dcd21b2c) Importer(815301076,1909f56bfc062723c751e8b465ee728b)
Start importing Assets/Asset Packs/PolygonPrototype/Prefabs/Props/SM_Switch_Button_01.prefab using Guid(9d33c5200c013c44fad933a9dcd21b2c) Importer(815301076,1909f56bfc062723c751e8b465ee728b)  -> (artifact id: '8e7ea063e641e01c70127304f1a99680') in 0.022932 seconds 
========================================================================
Received Import Request.
  Time since last request: 6.605641 seconds.
  path: Assets/Asset Packs/PolygonPrototype/Prefabs/FX/Fire_01_FX.prefab
  artifactKey: Guid(118e3f56a5212e849882f9a2fccadda7) Importer(815301076,1909f56bfc062723c751e8b465ee728b)
Start importing Assets/Asset Packs/PolygonPrototype/Prefabs/FX/Fire_01_FX.prefab using Guid(118e3f56a5212e849882f9a2fccadda7) Importer(815301076,1909f56bfc062723c751e8b465ee728b)  -> (artifact id: 'f1bf628f663a480982aa8c408aae1f57') in 0.019791 seconds 
========================================================================
Received Import Request.
  Time since last request: 3.931904 seconds.
  path: Assets/Asset Packs/PolygonPrototype/Prefabs/Characters/Character_Female_NoFace_01.prefab
  artifactKey: Guid(722ecf17232566e4a81b862e2ca44aa0) Importer(815301076,1909f56bfc062723c751e8b465ee728b)
Start importing Assets/Asset Packs/PolygonPrototype/Prefabs/Characters/Character_Female_NoFace_01.prefab using Guid(722ecf17232566e4a81b862e2ca44aa0) Importer(815301076,1909f56bfc062723c751e8b465ee728b)  -> (artifact id: '22134d3ad144e2c7bb6078fa73a70444') in 0.025040 seconds 
========================================================================
Received Import Request.
  Time since last request: 0.000023 seconds.
  path: Assets/Asset Packs/PolygonPrototype/Prefabs/Character_FPS_Hands/Standard/Character_FPS_Arms_Standard_03.prefab
  artifactKey: Guid(664956de28ada604d8109484559e4751) Importer(815301076,1909f56bfc062723c751e8b465ee728b)
Start importing Assets/Asset Packs/PolygonPrototype/Prefabs/Character_FPS_Hands/Standard/Character_FPS_Arms_Standard_03.prefab using Guid(664956de28ada604d8109484559e4751) Importer(815301076,1909f56bfc062723c751e8b465ee728b)  -> (artifact id: 'b9486a31253783b49957368683a2c88a') in 0.025374 seconds 
========================================================================
Received Import Request.
  Time since last request: 0.000030 seconds.
  path: Assets/Asset Packs/PolygonPrototype/Prefabs/Character_FPS_Hands/Standard/Character_FPS_Hands_Standard_01.prefab
  artifactKey: Guid(f68be8d3fbd733544b5bc54f8afe8b72) Importer(815301076,1909f56bfc062723c751e8b465ee728b)
Start importing Assets/Asset Packs/PolygonPrototype/Prefabs/Character_FPS_Hands/Standard/Character_FPS_Hands_Standard_01.prefab using Guid(f68be8d3fbd733544b5bc54f8afe8b72) Importer(815301076,1909f56bfc062723c751e8b465ee728b)  -> (artifact id: 'bee6af360a04b14505998ba51c883ed7') in 0.017406 seconds 
========================================================================
Received Import Request.
  Time since last request: 0.000024 seconds.
  path: Assets/Asset Packs/PolygonPrototype/Models/Character_FPSHands_01.fbx
  artifactKey: Guid(3c34d2567f522774bb262a3cfdbc15ae) Importer(815301076,1909f56bfc062723c751e8b465ee728b)
Start importing Assets/Asset Packs/PolygonPrototype/Models/Character_FPSHands_01.fbx using Guid(3c34d2567f522774bb262a3cfdbc15ae) Importer(815301076,1909f56bfc062723c751e8b465ee728b)  -> (artifact id: 'b79d9dd6f1571fa16f425b5b55ab0e69') in 0.089512 seconds 
========================================================================
Received Import Request.
  Time since last request: 0.489229 seconds.
  path: Assets/Asset Packs/PolygonPrototype/Models/SM_Note_Blank_01.fbx
  artifactKey: Guid(b9da1369c9d705a4aa743e920f1cc49f) Importer(815301076,1909f56bfc062723c751e8b465ee728b)
Start importing Assets/Asset Packs/PolygonPrototype/Models/SM_Note_Blank_01.fbx using Guid(b9da1369c9d705a4aa743e920f1cc49f) Importer(815301076,1909f56bfc062723c751e8b465ee728b)  -> (artifact id: 'baa3ac25c4c5e3e24819592c90bf3df8') in 0.021702 seconds 
========================================================================
Received Import Request.
  Time since last request: 0.000024 seconds.
  path: Assets/Asset Packs/PolygonPrototype/Models/SM_Note_Fix_01.fbx
  artifactKey: Guid(6659f09d61c2d5442bfe43d5466d9c24) Importer(815301076,1909f56bfc062723c751e8b465ee728b)
Start importing Assets/Asset Packs/PolygonPrototype/Models/SM_Note_Fix_01.fbx using Guid(6659f09d61c2d5442bfe43d5466d9c24) Importer(815301076,1909f56bfc062723c751e8b465ee728b)  -> (artifact id: 'a72c4631c54e28e0e8703df09ccbd840') in 0.021647 seconds 
========================================================================
Received Import Request.
  Time since last request: 0.000028 seconds.
  path: Assets/Asset Packs/PolygonPrototype/Models/SM_Note_Kick_Me_01.fbx
  artifactKey: Guid(7aa3cbba03ebd4840a820d225734801a) Importer(815301076,1909f56bfc062723c751e8b465ee728b)
Start importing Assets/Asset Packs/PolygonPrototype/Models/SM_Note_Kick_Me_01.fbx using Guid(7aa3cbba03ebd4840a820d225734801a) Importer(815301076,1909f56bfc062723c751e8b465ee728b)  -> (artifact id: 'cf9f7110d3e578d7a97d94677554bc2a') in 0.018666 seconds 
Editor requested this worker to shutdown with reason: Scaling down because of idle timeout
AssetImportWorker is now disconnected from the server
Process exiting
Exiting without the bug reporter. Application will terminate with return code 0