Using pre-set license
Built from '2021.3/staging' branch; Version is '2021.3.11f1 (0a5ca18544bf) revision 679073'; Using compiler version '192829333'; Build Type 'Release'
OS: 'Windows 11  (10.0.22000) 64bit Professional' Language: 'en' Physical Memory: 32555 MB
BatchMode: 1, IsHumanControllingUs: 0, StartBugReporterOnCrash: 0, Is64bit: 1, IsPro: 1

COMMAND LINE ARGUMENTS:
C:\Program Files\Unity\Hub\Editor\2021.3.11f1\Editor\Unity.exe
-adb2
-batchMode
-noUpm
-name
AssetImportWorker3
-projectPath
C:/Users/Mark/Documents/GitHub/TurnBased-Prototype/TurnBased-Prototype
-logFile
Logs/AssetImportWorker3.log
-srvPort
49168
Successfully changed project path to: C:/Users/Mark/Documents/GitHub/TurnBased-Prototype/TurnBased-Prototype
C:/Users/Mark/Documents/GitHub/TurnBased-Prototype/TurnBased-Prototype
[UnityMemory] Configuration Parameters - Can be set up in boot.config
    "memorysetup-bucket-allocator-granularity=16"
    "memorysetup-bucket-allocator-bucket-count=8"
    "memorysetup-bucket-allocator-block-size=33554432"
    "memorysetup-bucket-allocator-block-count=8"
    "memorysetup-main-allocator-block-size=16777216"
    "memorysetup-thread-allocator-block-size=16777216"
    "memorysetup-gfx-main-allocator-block-size=16777216"
    "memorysetup-gfx-thread-allocator-block-size=16777216"
    "memorysetup-cache-allocator-block-size=4194304"
    "memorysetup-typetree-allocator-block-size=2097152"
    "memorysetup-profiler-bucket-allocator-granularity=16"
    "memorysetup-profiler-bucket-allocator-bucket-count=8"
    "memorysetup-profiler-bucket-allocator-block-size=33554432"
    "memorysetup-profiler-bucket-allocator-block-count=8"
    "memorysetup-profiler-allocator-block-size=16777216"
    "memorysetup-profiler-editor-allocator-block-size=1048576"
    "memorysetup-temp-allocator-size-main=16777216"
    "memorysetup-job-temp-allocator-block-size=2097152"
    "memorysetup-job-temp-allocator-block-size-background=1048576"
    "memorysetup-job-temp-allocator-reduction-small-platforms=262144"
    "memorysetup-temp-allocator-size-background-worker=32768"
    "memorysetup-temp-allocator-size-job-worker=262144"
    "memorysetup-temp-allocator-size-preload-manager=33554432"
    "memorysetup-temp-allocator-size-nav-mesh-worker=65536"
    "memorysetup-temp-allocator-size-audio-worker=65536"
    "memorysetup-temp-allocator-size-cloud-worker=32768"
    "memorysetup-temp-allocator-size-gi-baking-worker=262144"
    "memorysetup-temp-allocator-size-gfx=262144"
Refreshing native plugins compatible for Editor in 81.55 ms, found 3 plugins.
Preloading 0 native plugins for Editor in 0.00 ms.
Initialize engine version: 2021.3.11f1 (0a5ca18544bf)
[Subsystems] Discovering subsystems at path C:/Program Files/Unity/Hub/Editor/2021.3.11f1/Editor/Data/Resources/UnitySubsystems
[Subsystems] Discovering subsystems at path C:/Users/Mark/Documents/GitHub/TurnBased-Prototype/TurnBased-Prototype/Assets
GfxDevice: creating device client; threaded=0; jobified=0
Direct3D:
    Version:  Direct3D 11.0 [level 11.1]
    Renderer: NVIDIA GeForce RTX 3080 (ID=0x2216)
    Vendor:   NVIDIA
    VRAM:     10078 MB
    Driver:   31.0.15.2225
Initialize mono
Mono path[0] = 'C:/Program Files/Unity/Hub/Editor/2021.3.11f1/Editor/Data/Managed'
Mono path[1] = 'C:/Program Files/Unity/Hub/Editor/2021.3.11f1/Editor/Data/MonoBleedingEdge/lib/mono/unityjit-win32'
Mono config path = 'C:/Program Files/Unity/Hub/Editor/2021.3.11f1/Editor/Data/MonoBleedingEdge/etc'
Using monoOptions --debugger-agent=transport=dt_socket,embedding=1,server=y,suspend=n,address=127.0.0.1:56772
Begin MonoManager ReloadAssembly
Registering precompiled unity dll's ...
Register platform support module: C:/Program Files/Unity/Hub/Editor/2021.3.11f1/Editor/Data/PlaybackEngines/WindowsStandaloneSupport/UnityEditor.WindowsStandalone.Extensions.dll
Registered in 0.002541 seconds.
Native extension for WindowsStandalone target not found
Refreshing native plugins compatible for Editor in 72.40 ms, found 3 plugins.
Preloading 0 native plugins for Editor in 0.00 ms.
Mono: successfully reloaded assembly
- Completed reload, in  0.408 seconds
Domain Reload Profiling:
	ReloadAssembly (408ms)
		BeginReloadAssembly (43ms)
			ExecutionOrderSort (0ms)
			DisableScriptedObjects (0ms)
			BackupInstance (0ms)
			ReleaseScriptingObjects (0ms)
			CreateAndSetChildDomain (0ms)
		EndReloadAssembly (299ms)
			LoadAssemblies (41ms)
			RebuildTransferFunctionScriptingTraits (0ms)
			SetupTypeCache (63ms)
			ReleaseScriptCaches (0ms)
			RebuildScriptCaches (16ms)
			SetupLoadedEditorAssemblies (189ms)
				LogAssemblyErrors (0ms)
				InitializePlatformSupportModulesInManaged (5ms)
				SetLoadedEditorAssemblies (0ms)
				RefreshPlugins (72ms)
				BeforeProcessingInitializeOnLoad (1ms)
				ProcessInitializeOnLoadAttributes (83ms)
				ProcessInitializeOnLoadMethodAttributes (27ms)
				AfterProcessingInitializeOnLoad (0ms)
				EditorAssembliesLoaded (0ms)
			ExecutionOrderSort2 (0ms)
			AwakeInstancesAfterBackupRestoration (0ms)
Platform modules already initialized, skipping
Registering precompiled user dll's ...
Registered in 0.004075 seconds.
Begin MonoManager ReloadAssembly
Symbol file LoadedFromMemory doesn't match image C:\Users\Mark\Documents\GitHub\TurnBased-Prototype\TurnBased-Prototype\Library\PackageCache\com.unity.visualscripting@1.7.8\Editor\VisualScripting.Core\Dependencies\YamlDotNet\Unity.VisualScripting.YamlDotNet.dll
Symbol file LoadedFromMemory doesn't match image C:\Users\Mark\Documents\GitHub\TurnBased-Prototype\TurnBased-Prototype\Library\PackageCache\com.unity.visualscripting@1.7.8\Editor\VisualScripting.Core\Dependencies\DotNetZip\Unity.VisualScripting.IonicZip.dll
Native extension for WindowsStandalone target not found
Refreshing native plugins compatible for Editor in 81.97 ms, found 3 plugins.
Preloading 0 native plugins for Editor in 0.00 ms.
Mono: successfully reloaded assembly
- Completed reload, in  0.905 seconds
Domain Reload Profiling:
	ReloadAssembly (906ms)
		BeginReloadAssembly (65ms)
			ExecutionOrderSort (0ms)
			DisableScriptedObjects (3ms)
			BackupInstance (0ms)
			ReleaseScriptingObjects (0ms)
			CreateAndSetChildDomain (13ms)
		EndReloadAssembly (768ms)
			LoadAssemblies (57ms)
			RebuildTransferFunctionScriptingTraits (0ms)
			SetupTypeCache (178ms)
			ReleaseScriptCaches (1ms)
			RebuildScriptCaches (45ms)
			SetupLoadedEditorAssemblies (457ms)
				LogAssemblyErrors (0ms)
				InitializePlatformSupportModulesInManaged (3ms)
				SetLoadedEditorAssemblies (0ms)
				RefreshPlugins (82ms)
				BeforeProcessingInitializeOnLoad (70ms)
				ProcessInitializeOnLoadAttributes (243ms)
				ProcessInitializeOnLoadMethodAttributes (54ms)
				AfterProcessingInitializeOnLoad (4ms)
				EditorAssembliesLoaded (0ms)
			ExecutionOrderSort2 (0ms)
			AwakeInstancesAfterBackupRestoration (4ms)
Platform modules already initialized, skipping
========================================================================
Worker process is ready to serve import requests
Launched and connected shader compiler UnityShaderCompiler.exe after 0.04 seconds
Refreshing native plugins compatible for Editor in 0.73 ms, found 3 plugins.
Preloading 0 native plugins for Editor in 0.00 ms.
Unloading 6035 Unused Serialized files (Serialized files now loaded: 0)
Unloading 51 unused Assets / (0.8 MB). Loaded Objects now: 6490.
Memory consumption went from 242.0 MB to 241.2 MB.
Total: 2.790700 ms (FindLiveObjects: 0.275500 ms CreateObjectMapping: 0.165700 ms MarkObjects: 2.097100 ms  DeleteObjects: 0.251600 ms)

AssetImportParameters requested are different than current active one (requested -> active):
  custom:video-decoder-ogg-theora: a1e56fd34408186e4bbccfd4996cb3dc -> 
  custom:container-muxer-webm: aa71ff27fc2769a1b78a27578f13a17b -> 
  custom:container-demuxer-webm: 4f35f7cbe854078d1ac9338744f61a02 -> 
  custom:video-encoder-webm-vp8: eb34c28f22e8b96e1ab97ce403110664 -> 
  custom:video-codec-MediaFoundation-h265: e54d7ab0439102e2317fc1e4b246158d -> 
  custom:audio-encoder-webm-vorbis: bf7c407c2cedff20999df2af8eb42d56 -> 
  custom:framework-win-MediaFoundation: 216162199b28c13a410421893ffa2e32 -> 
  custom:container-demuxer-ogg: 62fdf1f143b41e24485cea50d1cbac27 -> 
  custom:video-decoder-webm-vp8: 9c59270c3fd7afecdb556c50c9e8de78 -> 
  custom:audio-decoder-ogg-vorbis: bf7c407c2cedff20999df2af8eb42d56 -> 
========================================================================
Received Import Request.
  Time since last request: 15371.665844 seconds.
  path: Assets/Asset Packs/PolygonPrototype/Prefabs/Icons/SM_Icon_Apple_01.prefab
  artifactKey: Guid(bd7dc9dc7bc1498469cf9289744f30c3) Importer(815301076,1909f56bfc062723c751e8b465ee728b)
Start importing Assets/Asset Packs/PolygonPrototype/Prefabs/Icons/SM_Icon_Apple_01.prefab using Guid(bd7dc9dc7bc1498469cf9289744f30c3) Importer(815301076,1909f56bfc062723c751e8b465ee728b)  -> (artifact id: 'b83438c6442d55d8c1355d92947152c6') in 0.200907 seconds 
========================================================================
Received Import Request.
  Time since last request: 0.000022 seconds.
  path: Assets/Asset Packs/PolygonPrototype/Prefabs/Icons/SM_Icon_CoinBag_01.prefab
  artifactKey: Guid(26ebce2f78526014da0d1b69d835b6e9) Importer(815301076,1909f56bfc062723c751e8b465ee728b)
Start importing Assets/Asset Packs/PolygonPrototype/Prefabs/Icons/SM_Icon_CoinBag_01.prefab using Guid(26ebce2f78526014da0d1b69d835b6e9) Importer(815301076,1909f56bfc062723c751e8b465ee728b)  -> (artifact id: 'eaa59f8ef247e480c5a2efb3acb2555a') in 0.021552 seconds 
========================================================================
Received Import Request.
  Time since last request: 0.000046 seconds.
  path: Assets/Asset Packs/PolygonPrototype/Prefabs/Icons/SM_Icon_Coin_02.prefab
  artifactKey: Guid(494a0daefaadbc747a867c0b83a27403) Importer(815301076,1909f56bfc062723c751e8b465ee728b)
Start importing Assets/Asset Packs/PolygonPrototype/Prefabs/Icons/SM_Icon_Coin_02.prefab using Guid(494a0daefaadbc747a867c0b83a27403) Importer(815301076,1909f56bfc062723c751e8b465ee728b)  -> (artifact id: 'fb53be06f2b6c5720b1027a016d3bf1c') in 0.020062 seconds 
========================================================================
Received Import Request.
  Time since last request: 0.000022 seconds.
  path: Assets/Asset Packs/PolygonPrototype/Prefabs/Icons/SM_Icon_Letter_Question_01.prefab
  artifactKey: Guid(739d483b7f2e9b542af115dd3353ad7a) Importer(815301076,1909f56bfc062723c751e8b465ee728b)
Start importing Assets/Asset Packs/PolygonPrototype/Prefabs/Icons/SM_Icon_Letter_Question_01.prefab using Guid(739d483b7f2e9b542af115dd3353ad7a) Importer(815301076,1909f56bfc062723c751e8b465ee728b)  -> (artifact id: '7a3a6ab5cb7c82086eb8bed29ec27c3f') in 0.028445 seconds 
========================================================================
Received Import Request.
  Time since last request: 0.000027 seconds.
  path: Assets/Asset Packs/PolygonPrototype/Prefabs/Icons/SM_Icon_Letter_Y_01.prefab
  artifactKey: Guid(c12f001b6ea0d1c4f9ab1975f7b8422c) Importer(815301076,1909f56bfc062723c751e8b465ee728b)
Start importing Assets/Asset Packs/PolygonPrototype/Prefabs/Icons/SM_Icon_Letter_Y_01.prefab using Guid(c12f001b6ea0d1c4f9ab1975f7b8422c) Importer(815301076,1909f56bfc062723c751e8b465ee728b)  -> (artifact id: 'b6de2c54569c05668beda37926a22a48') in 0.021635 seconds 
========================================================================
Received Import Request.
  Time since last request: 0.000035 seconds.
  path: Assets/Asset Packs/PolygonPrototype/Prefabs/Icons/SM_Icon_Balloon_01.prefab
  artifactKey: Guid(5e5b016a0cd771740aae0b664476d77d) Importer(815301076,1909f56bfc062723c751e8b465ee728b)
Start importing Assets/Asset Packs/PolygonPrototype/Prefabs/Icons/SM_Icon_Balloon_01.prefab using Guid(5e5b016a0cd771740aae0b664476d77d) Importer(815301076,1909f56bfc062723c751e8b465ee728b)  -> (artifact id: 'a2ebe4c8ba71a6c646e4d2cc7c1bb4ce') in 0.021345 seconds 
========================================================================
Received Import Request.
  Time since last request: 0.000022 seconds.
  path: Assets/Asset Packs/PolygonPrototype/Prefabs/Icons/SM_Icon_Key_01.prefab
  artifactKey: Guid(b2a695e06c2e5b2479e979dd3b2197e8) Importer(815301076,1909f56bfc062723c751e8b465ee728b)
Start importing Assets/Asset Packs/PolygonPrototype/Prefabs/Icons/SM_Icon_Key_01.prefab using Guid(b2a695e06c2e5b2479e979dd3b2197e8) Importer(815301076,1909f56bfc062723c751e8b465ee728b)  -> (artifact id: '6b8ecce46ff9f8835c054a2a60772130') in 0.034287 seconds 
========================================================================
Received Import Request.
  Time since last request: 0.000027 seconds.
  path: Assets/Asset Packs/PolygonPrototype/Prefabs/Icons/SM_Icon_Cup_03.prefab
  artifactKey: Guid(b473c2cc76310644cb822273c847741a) Importer(815301076,1909f56bfc062723c751e8b465ee728b)
Start importing Assets/Asset Packs/PolygonPrototype/Prefabs/Icons/SM_Icon_Cup_03.prefab using Guid(b473c2cc76310644cb822273c847741a) Importer(815301076,1909f56bfc062723c751e8b465ee728b)  -> (artifact id: '03b17af0087fb8b7529436184625eb60') in 0.025271 seconds 
========================================================================
Received Import Request.
  Time since last request: 0.000036 seconds.
  path: Assets/Asset Packs/PolygonPrototype/Prefabs/Icons/SM_Icon_Letter_S_01.prefab
  artifactKey: Guid(6aa55100cace5aa4986866d3df57507f) Importer(815301076,1909f56bfc062723c751e8b465ee728b)
Start importing Assets/Asset Packs/PolygonPrototype/Prefabs/Icons/SM_Icon_Letter_S_01.prefab using Guid(6aa55100cace5aa4986866d3df57507f) Importer(815301076,1909f56bfc062723c751e8b465ee728b)  -> (artifact id: '440eba8305cd860550814622eec3227a') in 0.023300 seconds 
========================================================================
Received Import Request.
  Time since last request: 0.000027 seconds.
  path: Assets/Asset Packs/PolygonPrototype/Prefabs/Icons/SM_Icon_Arrow_Long_Curve_01.prefab
  artifactKey: Guid(e325fd59281b8e1439026857ed5ee1e1) Importer(815301076,1909f56bfc062723c751e8b465ee728b)
Start importing Assets/Asset Packs/PolygonPrototype/Prefabs/Icons/SM_Icon_Arrow_Long_Curve_01.prefab using Guid(e325fd59281b8e1439026857ed5ee1e1) Importer(815301076,1909f56bfc062723c751e8b465ee728b)  -> (artifact id: '3a5d5886122da0bae0072964734c6462') in 0.026195 seconds 
========================================================================
Received Import Request.
  Time since last request: 0.000031 seconds.
  path: Assets/Asset Packs/PolygonPrototype/Prefabs/Icons/SM_Icon_Letter_And_01.prefab
  artifactKey: Guid(c54b192dd2d967949b6679d1bd7057e9) Importer(815301076,1909f56bfc062723c751e8b465ee728b)
Start importing Assets/Asset Packs/PolygonPrototype/Prefabs/Icons/SM_Icon_Letter_And_01.prefab using Guid(c54b192dd2d967949b6679d1bd7057e9) Importer(815301076,1909f56bfc062723c751e8b465ee728b)  -> (artifact id: '7f02863aa89fb3e39596d32ff4d03f89') in 0.024600 seconds 
========================================================================
Received Import Request.
  Time since last request: 0.000058 seconds.
  path: Assets/Asset Packs/PolygonPrototype/Prefabs/Icons/SM_Icon_Audio_01.prefab
  artifactKey: Guid(f75a2a99206bc424b8476397d53add0c) Importer(815301076,1909f56bfc062723c751e8b465ee728b)
Start importing Assets/Asset Packs/PolygonPrototype/Prefabs/Icons/SM_Icon_Audio_01.prefab using Guid(f75a2a99206bc424b8476397d53add0c) Importer(815301076,1909f56bfc062723c751e8b465ee728b)  -> (artifact id: 'caae0920a08c3c63c46a8dc394a80b50') in 0.022479 seconds 
========================================================================
Received Import Request.
  Time since last request: 0.000028 seconds.
  path: Assets/Asset Packs/PolygonPrototype/Prefabs/Icons/SM_Icon_Light_Directional_01.prefab
  artifactKey: Guid(aa0557be1d6ffea4b9714f0d076c2c7e) Importer(815301076,1909f56bfc062723c751e8b465ee728b)
Start importing Assets/Asset Packs/PolygonPrototype/Prefabs/Icons/SM_Icon_Light_Directional_01.prefab using Guid(aa0557be1d6ffea4b9714f0d076c2c7e) Importer(815301076,1909f56bfc062723c751e8b465ee728b)  -> (artifact id: '373709652d4f991ec2a524a4c9b59686') in 0.020739 seconds 
========================================================================
Received Import Request.
  Time since last request: 0.000025 seconds.
  path: Assets/Asset Packs/PolygonPrototype/Prefabs/Icons/SM_Icon_Bones_01.prefab
  artifactKey: Guid(afcad7bbccdb2a343ab3f73a52efc291) Importer(815301076,1909f56bfc062723c751e8b465ee728b)
Start importing Assets/Asset Packs/PolygonPrototype/Prefabs/Icons/SM_Icon_Bones_01.prefab using Guid(afcad7bbccdb2a343ab3f73a52efc291) Importer(815301076,1909f56bfc062723c751e8b465ee728b)  -> (artifact id: 'b72b397eee93aafe31faffc2f8a80204') in 0.022235 seconds 
========================================================================
Received Import Request.
  Time since last request: 0.000029 seconds.
  path: Assets/Asset Packs/PolygonPrototype/Prefabs/Icons/SM_Icon_Letter_O_01.prefab
  artifactKey: Guid(3fcb2b311348d1941bbd75451dad8871) Importer(815301076,1909f56bfc062723c751e8b465ee728b)
Start importing Assets/Asset Packs/PolygonPrototype/Prefabs/Icons/SM_Icon_Letter_O_01.prefab using Guid(3fcb2b311348d1941bbd75451dad8871) Importer(815301076,1909f56bfc062723c751e8b465ee728b)  -> (artifact id: 'a91a17ba49528b4f9c77e1f1c58ec60a') in 0.022307 seconds 
========================================================================
Received Import Request.
  Time since last request: 0.000027 seconds.
  path: Assets/Asset Packs/PolygonPrototype/Prefabs/Icons/SM_Icon_Health_02.prefab
  artifactKey: Guid(d30c6e18a473ede40b473c59c24dd36a) Importer(815301076,1909f56bfc062723c751e8b465ee728b)
Start importing Assets/Asset Packs/PolygonPrototype/Prefabs/Icons/SM_Icon_Health_02.prefab using Guid(d30c6e18a473ede40b473c59c24dd36a) Importer(815301076,1909f56bfc062723c751e8b465ee728b)  -> (artifact id: 'ef2907780e195fcde4d802e43b4eb354') in 0.021228 seconds 
========================================================================
Received Import Request.
  Time since last request: 0.700543 seconds.
  path: Assets/Asset Packs/PolygonPrototype/Prefabs/Icons/SM_Icon_Lock_Open_01.prefab
  artifactKey: Guid(0e9b464453faafe48922b747d8086bd0) Importer(815301076,1909f56bfc062723c751e8b465ee728b)
Start importing Assets/Asset Packs/PolygonPrototype/Prefabs/Icons/SM_Icon_Lock_Open_01.prefab using Guid(0e9b464453faafe48922b747d8086bd0) Importer(815301076,1909f56bfc062723c751e8b465ee728b)  -> (artifact id: 'c7c87a5efbe9ca5f302b22a080eb8b2e') in 0.017693 seconds 
========================================================================
Received Import Request.
  Time since last request: 0.000019 seconds.
  path: Assets/Asset Packs/PolygonPrototype/Prefabs/Icons/SM_Icon_Number_3_01.prefab
  artifactKey: Guid(aa962c1cf7749bd4d9f5c7bac5be7f6d) Importer(815301076,1909f56bfc062723c751e8b465ee728b)
Start importing Assets/Asset Packs/PolygonPrototype/Prefabs/Icons/SM_Icon_Number_3_01.prefab using Guid(aa962c1cf7749bd4d9f5c7bac5be7f6d) Importer(815301076,1909f56bfc062723c751e8b465ee728b)  -> (artifact id: '14aed88a471da5e4cdd72ccf5c375b7b') in 0.018930 seconds 
========================================================================
Received Import Request.
  Time since last request: 0.000035 seconds.
  path: Assets/Asset Packs/PolygonPrototype/Prefabs/Icons/SM_Icon_Number_At_01.prefab
  artifactKey: Guid(9bd5b7a30d7378b49bf01c1df3dafab3) Importer(815301076,1909f56bfc062723c751e8b465ee728b)
Start importing Assets/Asset Packs/PolygonPrototype/Prefabs/Icons/SM_Icon_Number_At_01.prefab using Guid(9bd5b7a30d7378b49bf01c1df3dafab3) Importer(815301076,1909f56bfc062723c751e8b465ee728b)  -> (artifact id: '841cf7640847deb3b20afec38f79ba1f') in 0.018347 seconds 
========================================================================
Received Import Request.
  Time since last request: 0.000028 seconds.
  path: Assets/Asset Packs/PolygonPrototype/Prefabs/Icons/SM_Icon_Number_Percentage_01.prefab
  artifactKey: Guid(de994b332c5a32441ab2c6cbfeef3ac0) Importer(815301076,1909f56bfc062723c751e8b465ee728b)
Start importing Assets/Asset Packs/PolygonPrototype/Prefabs/Icons/SM_Icon_Number_Percentage_01.prefab using Guid(de994b332c5a32441ab2c6cbfeef3ac0) Importer(815301076,1909f56bfc062723c751e8b465ee728b)  -> (artifact id: '6cbd7a3b43a08de17ef6271cadfae42f') in 0.022997 seconds 
========================================================================
Received Import Request.
  Time since last request: 0.000021 seconds.
  path: Assets/Asset Packs/PolygonPrototype/Prefabs/Icons/SM_Icon_Potion_02.prefab
  artifactKey: Guid(2f3e352268bf84b45acf0d56b0b89518) Importer(815301076,1909f56bfc062723c751e8b465ee728b)
Start importing Assets/Asset Packs/PolygonPrototype/Prefabs/Icons/SM_Icon_Potion_02.prefab using Guid(2f3e352268bf84b45acf0d56b0b89518) Importer(815301076,1909f56bfc062723c751e8b465ee728b)  -> (artifact id: '803e1d72b942e44b72cc3efc5fa8ea2f') in 0.018772 seconds 
========================================================================
Received Import Request.
  Time since last request: 0.000034 seconds.
  path: Assets/Asset Packs/PolygonPrototype/Prefabs/Icons/SM_Icon_SelectionRing_02.prefab
  artifactKey: Guid(923deea38dc6a8843b15db7638919c1e) Importer(815301076,1909f56bfc062723c751e8b465ee728b)
Start importing Assets/Asset Packs/PolygonPrototype/Prefabs/Icons/SM_Icon_SelectionRing_02.prefab using Guid(923deea38dc6a8843b15db7638919c1e) Importer(815301076,1909f56bfc062723c751e8b465ee728b)  -> (artifact id: '46c9dac5a16fae8ae01303aed57b62be') in 0.022902 seconds 
========================================================================
Received Import Request.
  Time since last request: 0.006227 seconds.
  path: Assets/Asset Packs/PolygonPrototype/Prefabs/Icons/SM_Icon_SelectionRing_08.prefab
  artifactKey: Guid(f412ae4e139aa44449e8b0578a51f09c) Importer(815301076,1909f56bfc062723c751e8b465ee728b)
Start importing Assets/Asset Packs/PolygonPrototype/Prefabs/Icons/SM_Icon_SelectionRing_08.prefab using Guid(f412ae4e139aa44449e8b0578a51f09c) Importer(815301076,1909f56bfc062723c751e8b465ee728b)  -> (artifact id: '4ea3e3aaac29add843a0ccc98ef2485a') in 0.021049 seconds 
========================================================================
Received Import Request.
  Time since last request: 0.019784 seconds.
  path: Assets/Asset Packs/PolygonPrototype/Prefabs/Icons/SM_Icon_SpeechBubble_03.prefab
  artifactKey: Guid(2ac4be90ecc4a69449332b46ea38da8e) Importer(815301076,1909f56bfc062723c751e8b465ee728b)
Start importing Assets/Asset Packs/PolygonPrototype/Prefabs/Icons/SM_Icon_SpeechBubble_03.prefab using Guid(2ac4be90ecc4a69449332b46ea38da8e) Importer(815301076,1909f56bfc062723c751e8b465ee728b)  -> (artifact id: '8ab9774a07009ee74d02ff8306d84105') in 0.022419 seconds 
========================================================================
Received Import Request.
  Time since last request: 0.000025 seconds.
  path: Assets/Asset Packs/PolygonPrototype/Prefabs/Icons/SM_Icon_Text_Bug_01.prefab
  artifactKey: Guid(50f9bf7d02cf90c469e152779cc8e002) Importer(815301076,1909f56bfc062723c751e8b465ee728b)
Start importing Assets/Asset Packs/PolygonPrototype/Prefabs/Icons/SM_Icon_Text_Bug_01.prefab using Guid(50f9bf7d02cf90c469e152779cc8e002) Importer(815301076,1909f56bfc062723c751e8b465ee728b)  -> (artifact id: '6aac021c8f95d2ea15e33b482a10777a') in 0.020363 seconds 
========================================================================
Received Import Request.
  Time since last request: 0.000021 seconds.
  path: Assets/Asset Packs/PolygonPrototype/Prefabs/Icons/SM_Icon_Ute_01.prefab
  artifactKey: Guid(2384925c06270ed4b9da0fe033ca776a) Importer(815301076,1909f56bfc062723c751e8b465ee728b)
Start importing Assets/Asset Packs/PolygonPrototype/Prefabs/Icons/SM_Icon_Ute_01.prefab using Guid(2384925c06270ed4b9da0fe033ca776a) Importer(815301076,1909f56bfc062723c751e8b465ee728b)  -> (artifact id: 'a855033052243bbbd73f57d16f303d48') in 0.022259 seconds 
========================================================================
Received Import Request.
  Time since last request: 0.153278 seconds.
  path: Assets/Asset Packs/PolygonPrototype/Prefabs/Icons/SM_Icon_Weather_Moon_01.prefab
  artifactKey: Guid(e52bd8d8a38b02243886675705c6d40e) Importer(815301076,1909f56bfc062723c751e8b465ee728b)
Start importing Assets/Asset Packs/PolygonPrototype/Prefabs/Icons/SM_Icon_Weather_Moon_01.prefab using Guid(e52bd8d8a38b02243886675705c6d40e) Importer(815301076,1909f56bfc062723c751e8b465ee728b)  -> (artifact id: '7f89f284e42f359fd98c9ba614a27428') in 0.019842 seconds 
========================================================================
Received Import Request.
  Time since last request: 0.000021 seconds.
  path: Assets/Asset Packs/PolygonPrototype/Prefabs/Icons/SM_Note_CodePass_01.prefab
  artifactKey: Guid(34223810bb250f547bd02db01c5032e7) Importer(815301076,1909f56bfc062723c751e8b465ee728b)
Start importing Assets/Asset Packs/PolygonPrototype/Prefabs/Icons/SM_Note_CodePass_01.prefab using Guid(34223810bb250f547bd02db01c5032e7) Importer(815301076,1909f56bfc062723c751e8b465ee728b)  -> (artifact id: 'd22003dd29e8e1e3b1551fa19693532b') in 0.021192 seconds 
========================================================================
Received Import Request.
  Time since last request: 0.000026 seconds.
  path: Assets/Asset Packs/PolygonPrototype/Prefabs/Icons/SM_Note_Custom_01.prefab
  artifactKey: Guid(0b2a4486fdbf9f04aba6cca73555ba0f) Importer(815301076,1909f56bfc062723c751e8b465ee728b)
Start importing Assets/Asset Packs/PolygonPrototype/Prefabs/Icons/SM_Note_Custom_01.prefab using Guid(0b2a4486fdbf9f04aba6cca73555ba0f) Importer(815301076,1909f56bfc062723c751e8b465ee728b)  -> (artifact id: '4097ff57a2851e92770e728968f494fa') in 0.020990 seconds 
========================================================================
Received Import Request.
  Time since last request: 0.000024 seconds.
  path: Assets/Asset Packs/PolygonPrototype/Prefabs/Icons/SM_Note_Polish_01.prefab
  artifactKey: Guid(0e492ebade2421842bf741ecd19edf18) Importer(815301076,1909f56bfc062723c751e8b465ee728b)
Start importing Assets/Asset Packs/PolygonPrototype/Prefabs/Icons/SM_Note_Polish_01.prefab using Guid(0e492ebade2421842bf741ecd19edf18) Importer(815301076,1909f56bfc062723c751e8b465ee728b)  -> (artifact id: '759765b0841a346ce21456b3cfbfdf2a') in 0.019777 seconds 
========================================================================
Received Import Request.
  Time since last request: 13.010855 seconds.
  path: Assets/Asset Packs/PolygonPrototype/Prefabs/Generic/SM_Generic_Grass_Patch_01.prefab
  artifactKey: Guid(aaa9fac6c56c64d4eaceb647b35c69ed) Importer(815301076,1909f56bfc062723c751e8b465ee728b)
Start importing Assets/Asset Packs/PolygonPrototype/Prefabs/Generic/SM_Generic_Grass_Patch_01.prefab using Guid(aaa9fac6c56c64d4eaceb647b35c69ed) Importer(815301076,1909f56bfc062723c751e8b465ee728b)  -> (artifact id: '385293b7451878fcb94f2928ee486ba9') in 0.020174 seconds 
========================================================================
Received Import Request.
  Time since last request: 0.000022 seconds.
  path: Assets/Asset Packs/PolygonPrototype/Prefabs/Generic/SM_Generic_Mountains_Soft_01.prefab
  artifactKey: Guid(6e0dbb46da4c95f46ab24246940cf6f6) Importer(815301076,1909f56bfc062723c751e8b465ee728b)
Start importing Assets/Asset Packs/PolygonPrototype/Prefabs/Generic/SM_Generic_Mountains_Soft_01.prefab using Guid(6e0dbb46da4c95f46ab24246940cf6f6) Importer(815301076,1909f56bfc062723c751e8b465ee728b)  -> (artifact id: '6491c15b2ae829de3561c59e9ccbab46') in 0.020731 seconds 
========================================================================
Received Import Request.
  Time since last request: 0.002371 seconds.
  path: Assets/Asset Packs/PolygonPrototype/Prefabs/Generic/SM_Generic_Tree_03.prefab
  artifactKey: Guid(74cd91a7648f08249bcdb5736bcf8a86) Importer(815301076,1909f56bfc062723c751e8b465ee728b)
Start importing Assets/Asset Packs/PolygonPrototype/Prefabs/Generic/SM_Generic_Tree_03.prefab using Guid(74cd91a7648f08249bcdb5736bcf8a86) Importer(815301076,1909f56bfc062723c751e8b465ee728b)  -> (artifact id: '06490e8594814e4a9622d109ba675079') in 0.017845 seconds 
========================================================================
Received Import Request.
  Time since last request: 0.002854 seconds.
  path: Assets/Asset Packs/PolygonPrototype/Prefabs/Generic/SM_Generic_Water_Plane_02.prefab
  artifactKey: Guid(f9c5c5c870535fb48b0849bf33a79ab4) Importer(815301076,1909f56bfc062723c751e8b465ee728b)
Start importing Assets/Asset Packs/PolygonPrototype/Prefabs/Generic/SM_Generic_Water_Plane_02.prefab using Guid(f9c5c5c870535fb48b0849bf33a79ab4) Importer(815301076,1909f56bfc062723c751e8b465ee728b)  -> (artifact id: '6883235ce4b126b58395656f303d0412') in 0.019610 seconds 
========================================================================
Received Import Request.
  Time since last request: 6.464470 seconds.
  path: Assets/Asset Packs/PolygonPrototype/Prefabs/Props/SM_Prop_Chest_Wood_01.prefab
  artifactKey: Guid(021f214ee24e4ab408fe5fa469da8624) Importer(815301076,1909f56bfc062723c751e8b465ee728b)
Start importing Assets/Asset Packs/PolygonPrototype/Prefabs/Props/SM_Prop_Chest_Wood_01.prefab using Guid(021f214ee24e4ab408fe5fa469da8624) Importer(815301076,1909f56bfc062723c751e8b465ee728b)  -> (artifact id: '316a0ac017041522f80d3c33aaddf5af') in 0.018809 seconds 
========================================================================
Received Import Request.
  Time since last request: 0.000024 seconds.
  path: Assets/Asset Packs/PolygonPrototype/Prefabs/Props/SM_Prop_FlagPole_01.prefab
  artifactKey: Guid(263b034a7fd811c40a36ebbe4c1709f7) Importer(815301076,1909f56bfc062723c751e8b465ee728b)
Start importing Assets/Asset Packs/PolygonPrototype/Prefabs/Props/SM_Prop_FlagPole_01.prefab using Guid(263b034a7fd811c40a36ebbe4c1709f7) Importer(815301076,1909f56bfc062723c751e8b465ee728b)  -> (artifact id: 'aadc42693ee68aa653210d4be7efbe77') in 0.017968 seconds 
========================================================================
Received Import Request.
  Time since last request: 0.000032 seconds.
  path: Assets/Asset Packs/PolygonPrototype/Prefabs/Props/SM_Prop_Pipe_03.prefab
  artifactKey: Guid(346845f0154817c4297d6af7c695b28a) Importer(815301076,1909f56bfc062723c751e8b465ee728b)
Start importing Assets/Asset Packs/PolygonPrototype/Prefabs/Props/SM_Prop_Pipe_03.prefab using Guid(346845f0154817c4297d6af7c695b28a) Importer(815301076,1909f56bfc062723c751e8b465ee728b)  -> (artifact id: '0361fc72821da19dc3e8b82005cce60e') in 0.019668 seconds 
========================================================================
Received Import Request.
  Time since last request: 0.000034 seconds.
  path: Assets/Asset Packs/PolygonPrototype/Prefabs/Props/SM_Prop_Sword_01.prefab
  artifactKey: Guid(f124a282fc554ba40aabfad1c3f4d7a9) Importer(815301076,1909f56bfc062723c751e8b465ee728b)
Start importing Assets/Asset Packs/PolygonPrototype/Prefabs/Props/SM_Prop_Sword_01.prefab using Guid(f124a282fc554ba40aabfad1c3f4d7a9) Importer(815301076,1909f56bfc062723c751e8b465ee728b)  -> (artifact id: '077c241758f4839304a2e78e68749064') in 0.013162 seconds 
========================================================================
Received Import Request.
  Time since last request: 0.000032 seconds.
  path: Assets/Asset Packs/PolygonPrototype/Prefabs/Props/SM_Prop_Target_03.prefab
  artifactKey: Guid(16a0b624de8ccef48a7ccbfd6f35d56f) Importer(815301076,1909f56bfc062723c751e8b465ee728b)
Start importing Assets/Asset Packs/PolygonPrototype/Prefabs/Props/SM_Prop_Target_03.prefab using Guid(16a0b624de8ccef48a7ccbfd6f35d56f) Importer(815301076,1909f56bfc062723c751e8b465ee728b)  -> (artifact id: '469b8173274b6787d4374be270e9edb7') in 0.018163 seconds 
========================================================================
Received Import Request.
  Time since last request: 0.000028 seconds.
  path: Assets/Asset Packs/PolygonPrototype/Prefabs/Props/SM_Prop_Tree_Palm_02.prefab
  artifactKey: Guid(571f8f8a90e22e94c90edd3d7b14a22c) Importer(815301076,1909f56bfc062723c751e8b465ee728b)
Start importing Assets/Asset Packs/PolygonPrototype/Prefabs/Props/SM_Prop_Tree_Palm_02.prefab using Guid(571f8f8a90e22e94c90edd3d7b14a22c) Importer(815301076,1909f56bfc062723c751e8b465ee728b)  -> (artifact id: '11d3d5e4b7fefe961b5125398a329a2d') in 0.019728 seconds 
========================================================================
Received Import Request.
  Time since last request: 0.000018 seconds.
  path: Assets/Asset Packs/PolygonPrototype/Prefabs/Props/SM_Prop_Tree_Round_01.prefab
  artifactKey: Guid(6796c808204bd0d448c1f3bf10a57ad6) Importer(815301076,1909f56bfc062723c751e8b465ee728b)
Start importing Assets/Asset Packs/PolygonPrototype/Prefabs/Props/SM_Prop_Tree_Round_01.prefab using Guid(6796c808204bd0d448c1f3bf10a57ad6) Importer(815301076,1909f56bfc062723c751e8b465ee728b)  -> (artifact id: '67b8c65e1f04aed31f96d64234f81181') in 0.029621 seconds 
========================================================================
Received Import Request.
  Time since last request: 0.000023 seconds.
  path: Assets/Asset Packs/PolygonPrototype/Prefabs/Props/SM_Prop_WoodPlank_01.prefab
  artifactKey: Guid(7affb776ee83c8e4c8d7ab25aff32905) Importer(815301076,1909f56bfc062723c751e8b465ee728b)
Start importing Assets/Asset Packs/PolygonPrototype/Prefabs/Props/SM_Prop_WoodPlank_01.prefab using Guid(7affb776ee83c8e4c8d7ab25aff32905) Importer(815301076,1909f56bfc062723c751e8b465ee728b)  -> (artifact id: '8b02b31dda79106c3877d2f92bec36c5') in 0.023165 seconds 
========================================================================
Received Import Request.
  Time since last request: 0.000030 seconds.
  path: Assets/Asset Packs/PolygonPrototype/Prefabs/Props/SM_Prop_Tree_Square_01.prefab
  artifactKey: Guid(0c19a7133235cfa469f2fcae1a85fabf) Importer(815301076,1909f56bfc062723c751e8b465ee728b)
Start importing Assets/Asset Packs/PolygonPrototype/Prefabs/Props/SM_Prop_Tree_Square_01.prefab using Guid(0c19a7133235cfa469f2fcae1a85fabf) Importer(815301076,1909f56bfc062723c751e8b465ee728b)  -> (artifact id: '968199f867d30cc6ae7b8d2c7f1b8ffe') in 0.060000 seconds 
========================================================================
Received Import Request.
  Time since last request: 6.565344 seconds.
  path: Assets/Asset Packs/PolygonPrototype/Prefabs/FX/Smoke_Small_Light_FX.prefab
  artifactKey: Guid(90f965259c782c74a830882af458b544) Importer(815301076,1909f56bfc062723c751e8b465ee728b)
Start importing Assets/Asset Packs/PolygonPrototype/Prefabs/FX/Smoke_Small_Light_FX.prefab using Guid(90f965259c782c74a830882af458b544) Importer(815301076,1909f56bfc062723c751e8b465ee728b)  -> (artifact id: 'ca529bc97261804735ec27ec61261439') in 0.017361 seconds 
========================================================================
Received Import Request.
  Time since last request: 3.929712 seconds.
  path: Assets/Asset Packs/PolygonPrototype/Prefabs/Character_FPS_Hands/FiveFinger/Character_FPS_Arms_FiveFinger_02.prefab
  artifactKey: Guid(be265e142a7ab1a40b4e9367488943f9) Importer(815301076,1909f56bfc062723c751e8b465ee728b)
Start importing Assets/Asset Packs/PolygonPrototype/Prefabs/Character_FPS_Hands/FiveFinger/Character_FPS_Arms_FiveFinger_02.prefab using Guid(be265e142a7ab1a40b4e9367488943f9) Importer(815301076,1909f56bfc062723c751e8b465ee728b)  -> (artifact id: '477a9049bb69b024fdc5e188e81b8c7f') in 0.024326 seconds 
========================================================================
Received Import Request.
  Time since last request: 0.000021 seconds.
  path: Assets/Asset Packs/PolygonPrototype/Prefabs/Character_FPS_Hands/FiveFinger/Character_FPS_Hands_FiveFinger_01.prefab
  artifactKey: Guid(cffb3216c7854ab418a0045b21440088) Importer(815301076,1909f56bfc062723c751e8b465ee728b)
Start importing Assets/Asset Packs/PolygonPrototype/Prefabs/Character_FPS_Hands/FiveFinger/Character_FPS_Hands_FiveFinger_01.prefab using Guid(cffb3216c7854ab418a0045b21440088) Importer(815301076,1909f56bfc062723c751e8b465ee728b)  -> (artifact id: 'fcc6fea5fa52a680d82424c8fa2a57e3') in 0.027068 seconds 
========================================================================
Received Import Request.
  Time since last request: 0.000020 seconds.
  path: Assets/Textures/Circle_Outlined.png
  artifactKey: Guid(c4646e4738f8ddb458c02e4bb5cf1352) Importer(815301076,1909f56bfc062723c751e8b465ee728b)
Start importing Assets/Textures/Circle_Outlined.png using Guid(c4646e4738f8ddb458c02e4bb5cf1352) Importer(815301076,1909f56bfc062723c751e8b465ee728b)  -> (artifact id: '83b1540edfe666e1e9a71c4ddf7bc94f') in 0.023266 seconds 
========================================================================
Received Import Request.
  Time since last request: 0.000029 seconds.
  path: Assets/Asset Packs/PolygonPrototype/Prefabs/Character_FPS_Hands/Standard/Character_FPS_Arms_Standard_02.prefab
  artifactKey: Guid(dbf18624c8b697a48bf91f3016035764) Importer(815301076,1909f56bfc062723c751e8b465ee728b)
Start importing Assets/Asset Packs/PolygonPrototype/Prefabs/Character_FPS_Hands/Standard/Character_FPS_Arms_Standard_02.prefab using Guid(dbf18624c8b697a48bf91f3016035764) Importer(815301076,1909f56bfc062723c751e8b465ee728b)  -> (artifact id: 'b0a6a7771f30bd6e7835d5c2b5d38c63') in 0.020020 seconds 
========================================================================
Received Import Request.
  Time since last request: 0.546749 seconds.
  path: Assets/Asset Packs/PolygonPrototype/Models/SM_Note_Crap_01.fbx
  artifactKey: Guid(81c6ead748876f64ab65b74ccee94073) Importer(815301076,1909f56bfc062723c751e8b465ee728b)
Start importing Assets/Asset Packs/PolygonPrototype/Models/SM_Note_Crap_01.fbx using Guid(81c6ead748876f64ab65b74ccee94073) Importer(815301076,1909f56bfc062723c751e8b465ee728b)  -> (artifact id: 'e5aabfee3967b6142afa1942ce12abe5') in 0.047935 seconds 
========================================================================
Received Import Request.
  Time since last request: 0.000021 seconds.
  path: Assets/Asset Packs/PolygonPrototype/Models/SM_Note_Custom_01.fbx
  artifactKey: Guid(1d9e2fcc594ea7f4db499f1ed1d5a615) Importer(815301076,1909f56bfc062723c751e8b465ee728b)
Start importing Assets/Asset Packs/PolygonPrototype/Models/SM_Note_Custom_01.fbx using Guid(1d9e2fcc594ea7f4db499f1ed1d5a615) Importer(815301076,1909f56bfc062723c751e8b465ee728b)  -> (artifact id: '341ec19f545abfbc6d0b2bb37bd94c33') in 0.017697 seconds 
========================================================================
Received Import Request.
  Time since last request: 0.000044 seconds.
  path: Assets/Asset Packs/PolygonPrototype/Models/SM_Note_Done_01.fbx
  artifactKey: Guid(08d9316e5ed68964ba19ab142c5be8ba) Importer(815301076,1909f56bfc062723c751e8b465ee728b)
Start importing Assets/Asset Packs/PolygonPrototype/Models/SM_Note_Done_01.fbx using Guid(08d9316e5ed68964ba19ab142c5be8ba) Importer(815301076,1909f56bfc062723c751e8b465ee728b)  -> (artifact id: '36770a500ffdf44c8a084abdbbb33190') in 0.020730 seconds 
========================================================================
Received Import Request.
  Time since last request: 161.317698 seconds.
  path: Assets/Asset Packs/PolygonPrototype/Models/SM_Icon_Potion_02.fbx
  artifactKey: Guid(bbe7d787b124aa64481203efb7463c45) Importer(815301076,1909f56bfc062723c751e8b465ee728b)
Start importing Assets/Asset Packs/PolygonPrototype/Models/SM_Icon_Potion_02.fbx using Guid(bbe7d787b124aa64481203efb7463c45) Importer(815301076,1909f56bfc062723c751e8b465ee728b)  -> (artifact id: 'e411203f891907c93c5369a903df39c9') in 0.016145 seconds 
========================================================================
Received Import Request.
  Time since last request: 0.015531 seconds.
  path: Assets/Asset Packs/PolygonPrototype/Models/SM_Icon_Power_01.fbx
  artifactKey: Guid(c56e52fbc01de2c4c98a978c49287de9) Importer(815301076,1909f56bfc062723c751e8b465ee728b)
Start importing Assets/Asset Packs/PolygonPrototype/Models/SM_Icon_Power_01.fbx using Guid(c56e52fbc01de2c4c98a978c49287de9) Importer(815301076,1909f56bfc062723c751e8b465ee728b)  -> (artifact id: 'ef311ca0894a3d8f018471ac7a247f5b') in 0.018457 seconds 
========================================================================
Received Import Request.
  Time since last request: 0.000031 seconds.
  path: Assets/Asset Packs/PolygonPrototype/Models/SM_Icon_SelectionRing_07.fbx
  artifactKey: Guid(259f0dddf0f61904c98eee2317721a90) Importer(815301076,1909f56bfc062723c751e8b465ee728b)
Start importing Assets/Asset Packs/PolygonPrototype/Models/SM_Icon_SelectionRing_07.fbx using Guid(259f0dddf0f61904c98eee2317721a90) Importer(815301076,1909f56bfc062723c751e8b465ee728b)  -> (artifact id: '3823380f974b6cbdb2b7d90e41553972') in 0.015629 seconds 
========================================================================
Received Import Request.
  Time since last request: 0.000023 seconds.
  path: Assets/Asset Packs/PolygonPrototype/Models/SM_Pawn_Dead_Male_01.fbx
  artifactKey: Guid(4f53acd0178cc3a41970d330f7542370) Importer(815301076,1909f56bfc062723c751e8b465ee728b)
Start importing Assets/Asset Packs/PolygonPrototype/Models/SM_Pawn_Dead_Male_01.fbx using Guid(4f53acd0178cc3a41970d330f7542370) Importer(815301076,1909f56bfc062723c751e8b465ee728b)  -> (artifact id: '7c6a3d1286ddac2f138b5ec2ee335f55') in 0.020521 seconds 
========================================================================
Received Import Request.
  Time since last request: 0.000022 seconds.
  path: Assets/Asset Packs/PolygonPrototype/Models/SM_Pawn_LadderClimb_Male_01.fbx
  artifactKey: Guid(ab123f54b72fda94ea5187d8d193da6f) Importer(815301076,1909f56bfc062723c751e8b465ee728b)
Start importing Assets/Asset Packs/PolygonPrototype/Models/SM_Pawn_LadderClimb_Male_01.fbx using Guid(ab123f54b72fda94ea5187d8d193da6f) Importer(815301076,1909f56bfc062723c751e8b465ee728b)  -> (artifact id: '72f1e4bba1d298fe22dcccaf8e449e49') in 0.020874 seconds 
========================================================================
Received Import Request.
  Time since last request: 0.000024 seconds.
  path: Assets/Asset Packs/PolygonPrototype/Models/SM_Primitive_Cone_03.fbx
  artifactKey: Guid(dadbb3466cb2efe42b5186b0bb9fb908) Importer(815301076,1909f56bfc062723c751e8b465ee728b)
Start importing Assets/Asset Packs/PolygonPrototype/Models/SM_Primitive_Cone_03.fbx using Guid(dadbb3466cb2efe42b5186b0bb9fb908) Importer(815301076,1909f56bfc062723c751e8b465ee728b)  -> (artifact id: '6a72e800bb012fea6e4fff2f1b353311') in 0.019042 seconds 
========================================================================
Received Import Request.
  Time since last request: 0.000022 seconds.
  path: Assets/Asset Packs/PolygonPrototype/Models/SM_Icon_SelectionRing_08.fbx
  artifactKey: Guid(2aacab95d945d4c4cb71f524cd92bf99) Importer(815301076,1909f56bfc062723c751e8b465ee728b)
Start importing Assets/Asset Packs/PolygonPrototype/Models/SM_Icon_SelectionRing_08.fbx using Guid(2aacab95d945d4c4cb71f524cd92bf99) Importer(815301076,1909f56bfc062723c751e8b465ee728b)  -> (artifact id: '421761db53769bbc75b35d6640664d00') in 0.013982 seconds 
========================================================================
Received Import Request.
  Time since last request: 0.000023 seconds.
  path: Assets/Asset Packs/PolygonPrototype/Models/SM_Primitive_Cone_05.fbx
  artifactKey: Guid(9f855ba253e08634ca312e229b14783f) Importer(815301076,1909f56bfc062723c751e8b465ee728b)
Start importing Assets/Asset Packs/PolygonPrototype/Models/SM_Primitive_Cone_05.fbx using Guid(9f855ba253e08634ca312e229b14783f) Importer(815301076,1909f56bfc062723c751e8b465ee728b)  -> (artifact id: '0a21938162ce3c73481d82611fe107b6') in 0.019654 seconds 
========================================================================
Received Import Request.
  Time since last request: 0.000020 seconds.
  path: Assets/Asset Packs/PolygonPrototype/Models/SM_Icon_Save_01.fbx
  artifactKey: Guid(e0c04ad659f6190469ef814ed0a5797c) Importer(815301076,1909f56bfc062723c751e8b465ee728b)
Start importing Assets/Asset Packs/PolygonPrototype/Models/SM_Icon_Save_01.fbx using Guid(e0c04ad659f6190469ef814ed0a5797c) Importer(815301076,1909f56bfc062723c751e8b465ee728b)  -> (artifact id: 'a0295d7fd4745aafa0f7237d7109385f') in 0.014719 seconds 
========================================================================
Received Import Request.
  Time since last request: 0.000020 seconds.
  path: Assets/Asset Packs/PolygonPrototype/Models/SM_Pawn_LadderClimb_Female_01.fbx
  artifactKey: Guid(9bb432d8f75ae8243be66730d3b8b95c) Importer(815301076,1909f56bfc062723c751e8b465ee728b)
Start importing Assets/Asset Packs/PolygonPrototype/Models/SM_Pawn_LadderClimb_Female_01.fbx using Guid(9bb432d8f75ae8243be66730d3b8b95c) Importer(815301076,1909f56bfc062723c751e8b465ee728b)  -> (artifact id: '9753053048be49ae19816232416f5ef1') in 0.021907 seconds 
========================================================================
Received Import Request.
  Time since last request: 0.000022 seconds.
  path: Assets/Asset Packs/PolygonPrototype/Models/SM_Pawn_Walk_Male_01.fbx
  artifactKey: Guid(29b72adfc35a15b4c915d8f94bc4610e) Importer(815301076,1909f56bfc062723c751e8b465ee728b)
Start importing Assets/Asset Packs/PolygonPrototype/Models/SM_Pawn_Walk_Male_01.fbx using Guid(29b72adfc35a15b4c915d8f94bc4610e) Importer(815301076,1909f56bfc062723c751e8b465ee728b)  -> (artifact id: 'a902ee16c00ee7046677a8102dee7f86') in 0.024562 seconds 
========================================================================
Received Import Request.
  Time since last request: 0.000028 seconds.
  path: Assets/Asset Packs/PolygonPrototype/Models/SM_Icon_Text_Finish_01.fbx
  artifactKey: Guid(625fa1529c62422459bc51f26abbc5b0) Importer(815301076,1909f56bfc062723c751e8b465ee728b)
Start importing Assets/Asset Packs/PolygonPrototype/Models/SM_Icon_Text_Finish_01.fbx using Guid(625fa1529c62422459bc51f26abbc5b0) Importer(815301076,1909f56bfc062723c751e8b465ee728b)  -> (artifact id: '8a0b553f4ed7b522c3efd45c1a4d4ccd') in 0.014642 seconds 
========================================================================
Received Import Request.
  Time since last request: 0.000018 seconds.
  path: Assets/Asset Packs/PolygonPrototype/Models/SM_Pawn_Cover_Female_01.fbx
  artifactKey: Guid(b6186bf1814e0bb4aac9b04c0d5c07db) Importer(815301076,1909f56bfc062723c751e8b465ee728b)
Start importing Assets/Asset Packs/PolygonPrototype/Models/SM_Pawn_Cover_Female_01.fbx using Guid(b6186bf1814e0bb4aac9b04c0d5c07db) Importer(815301076,1909f56bfc062723c751e8b465ee728b)  -> (artifact id: 'a372a6d64e8f0532f5d2710169b2952e') in 0.027127 seconds 
========================================================================
Received Import Request.
  Time since last request: 0.000019 seconds.
  path: Assets/Asset Packs/PolygonPrototype/Models/SM_Primitive_Cube_01.fbx
  artifactKey: Guid(2d56fe2ad841a4f429c64626c08eaae5) Importer(815301076,1909f56bfc062723c751e8b465ee728b)
Start importing Assets/Asset Packs/PolygonPrototype/Models/SM_Primitive_Cube_01.fbx using Guid(2d56fe2ad841a4f429c64626c08eaae5) Importer(815301076,1909f56bfc062723c751e8b465ee728b)  -> (artifact id: '0ba700d240c154b80a9851f48a271415') in 0.028818 seconds 
========================================================================
Received Import Request.
  Time since last request: 0.000029 seconds.
  path: Assets/Asset Packs/PolygonPrototype/Models/SM_Primitive_Cone_04.fbx
  artifactKey: Guid(e08dad76adef59e4aa519ab2ee9732ab) Importer(815301076,1909f56bfc062723c751e8b465ee728b)
Start importing Assets/Asset Packs/PolygonPrototype/Models/SM_Primitive_Cone_04.fbx using Guid(e08dad76adef59e4aa519ab2ee9732ab) Importer(815301076,1909f56bfc062723c751e8b465ee728b)  -> (artifact id: 'c5784438d182600758de8928bb18482f') in 0.021342 seconds 
========================================================================
Received Import Request.
  Time since last request: 0.000023 seconds.
  path: Assets/Asset Packs/PolygonPrototype/Models/SM_Icon_Skull_02.fbx
  artifactKey: Guid(7c250aaf44d25f746bf0b152aa70fb9e) Importer(815301076,1909f56bfc062723c751e8b465ee728b)
Start importing Assets/Asset Packs/PolygonPrototype/Models/SM_Icon_Skull_02.fbx using Guid(7c250aaf44d25f746bf0b152aa70fb9e) Importer(815301076,1909f56bfc062723c751e8b465ee728b)  -> (artifact id: '1e701a53b2fc4ba7f02785f84aa35602') in 0.015624 seconds 
========================================================================
Received Import Request.
  Time since last request: 0.000018 seconds.
  path: Assets/Asset Packs/PolygonPrototype/Models/SM_Icon_Skull_01.fbx
  artifactKey: Guid(170db210605ea844695dbbd5c2429940) Importer(815301076,1909f56bfc062723c751e8b465ee728b)
Start importing Assets/Asset Packs/PolygonPrototype/Models/SM_Icon_Skull_01.fbx using Guid(170db210605ea844695dbbd5c2429940) Importer(815301076,1909f56bfc062723c751e8b465ee728b)  -> (artifact id: 'efb01ea07248466066a5e521d416bc12') in 0.020797 seconds 
========================================================================
Received Import Request.
  Time since last request: 0.000021 seconds.
  path: Assets/Asset Packs/PolygonPrototype/Models/SM_Icon_SelectionRing_09.fbx
  artifactKey: Guid(e204eb366e0d42e4d882bae230b2048c) Importer(815301076,1909f56bfc062723c751e8b465ee728b)
Start importing Assets/Asset Packs/PolygonPrototype/Models/SM_Icon_SelectionRing_09.fbx using Guid(e204eb366e0d42e4d882bae230b2048c) Importer(815301076,1909f56bfc062723c751e8b465ee728b)  -> (artifact id: '84f84ebdd1aedeb33198f0be3a8b7c06') in 0.015119 seconds 
========================================================================
Received Import Request.
  Time since last request: 0.000028 seconds.
  path: Assets/Asset Packs/PolygonPrototype/Models/SM_Icon_Weather_Rain_01.fbx
  artifactKey: Guid(61ca469e8fe2d894ba6c8365c58e7daa) Importer(815301076,1909f56bfc062723c751e8b465ee728b)
Start importing Assets/Asset Packs/PolygonPrototype/Models/SM_Icon_Weather_Rain_01.fbx using Guid(61ca469e8fe2d894ba6c8365c58e7daa) Importer(815301076,1909f56bfc062723c751e8b465ee728b)  -> (artifact id: '075d75527a64f8e6008163cc04e8663a') in 0.014820 seconds 
========================================================================
Received Import Request.
  Time since last request: 0.000017 seconds.
  path: Assets/Asset Packs/PolygonPrototype/Models/SM_Primitive_Cylander_01.fbx
  artifactKey: Guid(0c325b8e8056782438bfbe4aa1e8de32) Importer(815301076,1909f56bfc062723c751e8b465ee728b)
Start importing Assets/Asset Packs/PolygonPrototype/Models/SM_Primitive_Cylander_01.fbx using Guid(0c325b8e8056782438bfbe4aa1e8de32) Importer(815301076,1909f56bfc062723c751e8b465ee728b)  -> (artifact id: '8fe70ed83443b9bcd1814f24ba86f8c8') in 0.021236 seconds 
========================================================================
Received Import Request.
  Time since last request: 0.000023 seconds.
  path: Assets/Asset Packs/PolygonPrototype/Models/SM_Icon_Weather_Moon_01.fbx
  artifactKey: Guid(30b51feab1160254084fef378bbf5890) Importer(815301076,1909f56bfc062723c751e8b465ee728b)
Start importing Assets/Asset Packs/PolygonPrototype/Models/SM_Icon_Weather_Moon_01.fbx using Guid(30b51feab1160254084fef378bbf5890) Importer(815301076,1909f56bfc062723c751e8b465ee728b)  -> (artifact id: '5eee19f68d01c06e0185bf303fac8566') in 0.014707 seconds 
========================================================================
Received Import Request.
  Time since last request: 0.000027 seconds.
  path: Assets/Asset Packs/PolygonPrototype/Models/SM_Pawn_Weapon_Male_02.fbx
  artifactKey: Guid(a76aed8b5c6ae22429fdec10b41479ef) Importer(815301076,1909f56bfc062723c751e8b465ee728b)
Start importing Assets/Asset Packs/PolygonPrototype/Models/SM_Pawn_Weapon_Male_02.fbx using Guid(a76aed8b5c6ae22429fdec10b41479ef) Importer(815301076,1909f56bfc062723c751e8b465ee728b)  -> (artifact id: '754b800d8813b922abd458731d2cad39') in 0.021125 seconds 
========================================================================
Received Import Request.
  Time since last request: 0.000035 seconds.
  path: Assets/Asset Packs/PolygonPrototype/Models/SM_Icon_Ute_01.fbx
  artifactKey: Guid(3524bfecb5f7a1b4f83e821341ffbda4) Importer(815301076,1909f56bfc062723c751e8b465ee728b)
Start importing Assets/Asset Packs/PolygonPrototype/Models/SM_Icon_Ute_01.fbx using Guid(3524bfecb5f7a1b4f83e821341ffbda4) Importer(815301076,1909f56bfc062723c751e8b465ee728b)  -> (artifact id: '94fe61e22b57dbfa83b22d9e5f5e3a14') in 0.015543 seconds 
========================================================================
Received Import Request.
  Time since last request: 0.000021 seconds.
  path: Assets/Asset Packs/PolygonPrototype/Models/SM_Pawn_Dead_Female_01.fbx
  artifactKey: Guid(8f70a590505d7c040b67278f32c82b63) Importer(815301076,1909f56bfc062723c751e8b465ee728b)
Start importing Assets/Asset Packs/PolygonPrototype/Models/SM_Pawn_Dead_Female_01.fbx using Guid(8f70a590505d7c040b67278f32c82b63) Importer(815301076,1909f56bfc062723c751e8b465ee728b)  -> (artifact id: '19d6dd069799b161862ad7f1c6119763') in 0.020761 seconds 
========================================================================
Received Import Request.
  Time since last request: 0.000018 seconds.
  path: Assets/Asset Packs/PolygonPrototype/Models/SM_Pawn_Weapon_Female_02.fbx
  artifactKey: Guid(0cc5cfa46bac2ac418973a002207c368) Importer(815301076,1909f56bfc062723c751e8b465ee728b)
Start importing Assets/Asset Packs/PolygonPrototype/Models/SM_Pawn_Weapon_Female_02.fbx using Guid(0cc5cfa46bac2ac418973a002207c368) Importer(815301076,1909f56bfc062723c751e8b465ee728b)  -> (artifact id: '0d5e22dac5d8f88ed437a69e963baf5f') in 0.020109 seconds 
========================================================================
Received Import Request.
  Time since last request: 0.000021 seconds.
  path: Assets/Asset Packs/PolygonPrototype/Models/SM_Pawn_Cower_Female_01.fbx
  artifactKey: Guid(48051bed3932054459ee04e7bf51839d) Importer(815301076,1909f56bfc062723c751e8b465ee728b)
Start importing Assets/Asset Packs/PolygonPrototype/Models/SM_Pawn_Cower_Female_01.fbx using Guid(48051bed3932054459ee04e7bf51839d) Importer(815301076,1909f56bfc062723c751e8b465ee728b)  -> (artifact id: 'bab0b8119c79a06b253d434a2dafd3d6') in 0.020149 seconds 
========================================================================
Received Import Request.
  Time since last request: 0.000023 seconds.
  path: Assets/Asset Packs/PolygonPrototype/Models/SM_Icon_SelectionRing_01.fbx
  artifactKey: Guid(6684110c4b3b77d43a53aaebf5e731c4) Importer(815301076,1909f56bfc062723c751e8b465ee728b)
Start importing Assets/Asset Packs/PolygonPrototype/Models/SM_Icon_SelectionRing_01.fbx using Guid(6684110c4b3b77d43a53aaebf5e731c4) Importer(815301076,1909f56bfc062723c751e8b465ee728b)  -> (artifact id: 'a0a4418f1439945c418710c56502ccfc') in 0.014181 seconds 
========================================================================
Received Import Request.
  Time since last request: 0.000022 seconds.
  path: Assets/Asset Packs/PolygonPrototype/Models/SM_Icon_SelectionRing_03.fbx
  artifactKey: Guid(64f14742378b85b4ba87441822264580) Importer(815301076,1909f56bfc062723c751e8b465ee728b)
Start importing Assets/Asset Packs/PolygonPrototype/Models/SM_Icon_SelectionRing_03.fbx using Guid(64f14742378b85b4ba87441822264580) Importer(815301076,1909f56bfc062723c751e8b465ee728b)  -> (artifact id: '0a0a77ef11480ab22c99215d13063d50') in 0.014315 seconds 
========================================================================
Received Import Request.
  Time since last request: 0.000025 seconds.
  path: Assets/Asset Packs/PolygonPrototype/Models/SM_Icon_Shield_01.fbx
  artifactKey: Guid(e50957f3a4a037e4d9a7fdad9b88ab23) Importer(815301076,1909f56bfc062723c751e8b465ee728b)
Start importing Assets/Asset Packs/PolygonPrototype/Models/SM_Icon_Shield_01.fbx using Guid(e50957f3a4a037e4d9a7fdad9b88ab23) Importer(815301076,1909f56bfc062723c751e8b465ee728b)  -> (artifact id: 'f331989235213e3198ee323519e4bfc6') in 0.015029 seconds 
========================================================================
Received Import Request.
  Time since last request: 0.000020 seconds.
  path: Assets/Asset Packs/PolygonPrototype/Models/SM_Pawn_Run_Female_01.fbx
  artifactKey: Guid(8aa7ff73c4ed4044bb295e573acbf79c) Importer(815301076,1909f56bfc062723c751e8b465ee728b)
Start importing Assets/Asset Packs/PolygonPrototype/Models/SM_Pawn_Run_Female_01.fbx using Guid(8aa7ff73c4ed4044bb295e573acbf79c) Importer(815301076,1909f56bfc062723c751e8b465ee728b)  -> (artifact id: '7f63edca0766407eae8fb9ead3da85d6') in 0.021254 seconds 
========================================================================
Received Import Request.
  Time since last request: 0.000023 seconds.
  path: Assets/Asset Packs/PolygonPrototype/Models/SM_Primitive_Cube_04.fbx
  artifactKey: Guid(6f92b63f43f29f945bb2459a844faef3) Importer(815301076,1909f56bfc062723c751e8b465ee728b)
Start importing Assets/Asset Packs/PolygonPrototype/Models/SM_Primitive_Cube_04.fbx using Guid(6f92b63f43f29f945bb2459a844faef3) Importer(815301076,1909f56bfc062723c751e8b465ee728b)  -> (artifact id: '49faf5bc17576e1c46a89d59ef5d5c09') in 0.020580 seconds 
========================================================================
Received Import Request.
  Time since last request: 0.000026 seconds.
  path: Assets/Asset Packs/PolygonPrototype/Models/SM_Pawn_Idle_Female_01.fbx
  artifactKey: Guid(6365d1aa82df06140b327b15b731f494) Importer(815301076,1909f56bfc062723c751e8b465ee728b)
Start importing Assets/Asset Packs/PolygonPrototype/Models/SM_Pawn_Idle_Female_01.fbx using Guid(6365d1aa82df06140b327b15b731f494) Importer(815301076,1909f56bfc062723c751e8b465ee728b)  -> (artifact id: '6ea631cee1ecb4d135798af25d061dff') in 0.020645 seconds 
========================================================================
Received Import Request.
  Time since last request: 0.000021 seconds.
  path: Assets/Asset Packs/PolygonPrototype/Models/SM_Primitive_Cylander_02.fbx
  artifactKey: Guid(d4310e8ff3695464cad536592578913c) Importer(815301076,1909f56bfc062723c751e8b465ee728b)
Start importing Assets/Asset Packs/PolygonPrototype/Models/SM_Primitive_Cylander_02.fbx using Guid(d4310e8ff3695464cad536592578913c) Importer(815301076,1909f56bfc062723c751e8b465ee728b)  -> (artifact id: '7746cbddd91a0db3e1fbde2319090df9') in 0.020037 seconds 
========================================================================
Received Import Request.
  Time since last request: 0.000021 seconds.
  path: Assets/Asset Packs/PolygonPrototype/Models/SM_Primitive_Cylander_01P.fbx
  artifactKey: Guid(7252bbd0415a72a4a824ced924c251a1) Importer(815301076,1909f56bfc062723c751e8b465ee728b)
Start importing Assets/Asset Packs/PolygonPrototype/Models/SM_Primitive_Cylander_01P.fbx using Guid(7252bbd0415a72a4a824ced924c251a1) Importer(815301076,1909f56bfc062723c751e8b465ee728b)  -> (artifact id: '85a5aefa74ff5637c1aaa68fb94e00e6') in 0.022374 seconds 
========================================================================
Received Import Request.
  Time since last request: 0.000021 seconds.
  path: Assets/Asset Packs/PolygonPrototype/Models/SM_Icon_Star_01.fbx
  artifactKey: Guid(f7ec8369cac1a7e4ab36747b35f91c24) Importer(815301076,1909f56bfc062723c751e8b465ee728b)
Start importing Assets/Asset Packs/PolygonPrototype/Models/SM_Icon_Star_01.fbx using Guid(f7ec8369cac1a7e4ab36747b35f91c24) Importer(815301076,1909f56bfc062723c751e8b465ee728b)  -> (artifact id: '9daf73018089e88edf99b01fa5b0c895') in 0.013931 seconds 
========================================================================
Received Import Request.
  Time since last request: 12.203777 seconds.
  path: Assets/Asset Packs/PolygonPrototype/Materials/PolygonPrototype_Global_Grid_10.mat
  artifactKey: Guid(b705b36c0a031c74bb375ee73b5ecce3) Importer(815301076,1909f56bfc062723c751e8b465ee728b)
Start importing Assets/Asset Packs/PolygonPrototype/Materials/PolygonPrototype_Global_Grid_10.mat using Guid(b705b36c0a031c74bb375ee73b5ecce3) Importer(815301076,1909f56bfc062723c751e8b465ee728b)  -> (artifact id: '488c1408f611aeff9c02dbd5e0d99ccc') in 0.030819 seconds 
Editor requested this worker to shutdown with reason: Scaling down because of idle timeout
AssetImportWorker is now disconnected from the server
Process exiting
Exiting without the bug reporter. Application will terminate with return code 0