Using pre-set license
Built from '2021.3/staging' branch; Version is '2021.3.11f1 (0a5ca18544bf) revision 679073'; Using compiler version '192829333'; Build Type 'Release'
OS: 'Windows 11  (10.0.22000) 64bit Professional' Language: 'en' Physical Memory: 32555 MB
BatchMode: 1, IsHumanControllingUs: 0, StartBugReporterOnCrash: 0, Is64bit: 1, IsPro: 1

COMMAND LINE ARGUMENTS:
C:\Program Files\Unity\Hub\Editor\2021.3.11f1\Editor\Unity.exe
-adb2
-batchMode
-noUpm
-name
AssetImportWorker4
-projectPath
C:/Users/Mark/Documents/GitHub/TurnBased-Prototype/TurnBased-Prototype
-logFile
Logs/AssetImportWorker4.log
-srvPort
53290
Successfully changed project path to: C:/Users/Mark/Documents/GitHub/TurnBased-Prototype/TurnBased-Prototype
C:/Users/Mark/Documents/GitHub/TurnBased-Prototype/TurnBased-Prototype
[UnityMemory] Configuration Parameters - Can be set up in boot.config
    "memorysetup-bucket-allocator-granularity=16"
    "memorysetup-bucket-allocator-bucket-count=8"
    "memorysetup-bucket-allocator-block-size=33554432"
    "memorysetup-bucket-allocator-block-count=8"
    "memorysetup-main-allocator-block-size=16777216"
    "memorysetup-thread-allocator-block-size=16777216"
    "memorysetup-gfx-main-allocator-block-size=16777216"
    "memorysetup-gfx-thread-allocator-block-size=16777216"
    "memorysetup-cache-allocator-block-size=4194304"
    "memorysetup-typetree-allocator-block-size=2097152"
    "memorysetup-profiler-bucket-allocator-granularity=16"
    "memorysetup-profiler-bucket-allocator-bucket-count=8"
    "memorysetup-profiler-bucket-allocator-block-size=33554432"
    "memorysetup-profiler-bucket-allocator-block-count=8"
    "memorysetup-profiler-allocator-block-size=16777216"
    "memorysetup-profiler-editor-allocator-block-size=1048576"
    "memorysetup-temp-allocator-size-main=16777216"
    "memorysetup-job-temp-allocator-block-size=2097152"
    "memorysetup-job-temp-allocator-block-size-background=1048576"
    "memorysetup-job-temp-allocator-reduction-small-platforms=262144"
    "memorysetup-temp-allocator-size-background-worker=32768"
    "memorysetup-temp-allocator-size-job-worker=262144"
    "memorysetup-temp-allocator-size-preload-manager=33554432"
    "memorysetup-temp-allocator-size-nav-mesh-worker=65536"
    "memorysetup-temp-allocator-size-audio-worker=65536"
    "memorysetup-temp-allocator-size-cloud-worker=32768"
    "memorysetup-temp-allocator-size-gi-baking-worker=262144"
    "memorysetup-temp-allocator-size-gfx=262144"
Refreshing native plugins compatible for Editor in 74.39 ms, found 3 plugins.
Preloading 0 native plugins for Editor in 0.00 ms.
Initialize engine version: 2021.3.11f1 (0a5ca18544bf)
[Subsystems] Discovering subsystems at path C:/Program Files/Unity/Hub/Editor/2021.3.11f1/Editor/Data/Resources/UnitySubsystems
[Subsystems] Discovering subsystems at path C:/Users/Mark/Documents/GitHub/TurnBased-Prototype/TurnBased-Prototype/Assets
GfxDevice: creating device client; threaded=0; jobified=0
Direct3D:
    Version:  Direct3D 11.0 [level 11.1]
    Renderer: NVIDIA GeForce RTX 3080 (ID=0x2216)
    Vendor:   NVIDIA
    VRAM:     10078 MB
    Driver:   31.0.15.2225
Initialize mono
Mono path[0] = 'C:/Program Files/Unity/Hub/Editor/2021.3.11f1/Editor/Data/Managed'
Mono path[1] = 'C:/Program Files/Unity/Hub/Editor/2021.3.11f1/Editor/Data/MonoBleedingEdge/lib/mono/unityjit-win32'
Mono config path = 'C:/Program Files/Unity/Hub/Editor/2021.3.11f1/Editor/Data/MonoBleedingEdge/etc'
Using monoOptions --debugger-agent=transport=dt_socket,embedding=1,server=y,suspend=n,address=127.0.0.1:56476
Begin MonoManager ReloadAssembly
Registering precompiled unity dll's ...
Register platform support module: C:/Program Files/Unity/Hub/Editor/2021.3.11f1/Editor/Data/PlaybackEngines/WindowsStandaloneSupport/UnityEditor.WindowsStandalone.Extensions.dll
Registered in 0.002879 seconds.
Native extension for WindowsStandalone target not found
Refreshing native plugins compatible for Editor in 66.58 ms, found 3 plugins.
Preloading 0 native plugins for Editor in 0.00 ms.
Mono: successfully reloaded assembly
- Completed reload, in  0.415 seconds
Domain Reload Profiling:
	ReloadAssembly (415ms)
		BeginReloadAssembly (44ms)
			ExecutionOrderSort (0ms)
			DisableScriptedObjects (0ms)
			BackupInstance (0ms)
			ReleaseScriptingObjects (0ms)
			CreateAndSetChildDomain (0ms)
		EndReloadAssembly (302ms)
			LoadAssemblies (43ms)
			RebuildTransferFunctionScriptingTraits (0ms)
			SetupTypeCache (63ms)
			ReleaseScriptCaches (0ms)
			RebuildScriptCaches (15ms)
			SetupLoadedEditorAssemblies (192ms)
				LogAssemblyErrors (0ms)
				InitializePlatformSupportModulesInManaged (6ms)
				SetLoadedEditorAssemblies (0ms)
				RefreshPlugins (67ms)
				BeforeProcessingInitializeOnLoad (1ms)
				ProcessInitializeOnLoadAttributes (91ms)
				ProcessInitializeOnLoadMethodAttributes (28ms)
				AfterProcessingInitializeOnLoad (0ms)
				EditorAssembliesLoaded (0ms)
			ExecutionOrderSort2 (0ms)
			AwakeInstancesAfterBackupRestoration (0ms)
Platform modules already initialized, skipping
Registering precompiled user dll's ...
Registered in 0.004025 seconds.
Begin MonoManager ReloadAssembly
Symbol file LoadedFromMemory doesn't match image C:\Users\Mark\Documents\GitHub\TurnBased-Prototype\TurnBased-Prototype\Library\PackageCache\com.unity.visualscripting@1.7.8\Editor\VisualScripting.Core\Dependencies\YamlDotNet\Unity.VisualScripting.YamlDotNet.dll
Symbol file LoadedFromMemory doesn't match image C:\Users\Mark\Documents\GitHub\TurnBased-Prototype\TurnBased-Prototype\Library\PackageCache\com.unity.visualscripting@1.7.8\Editor\VisualScripting.Core\Dependencies\DotNetZip\Unity.VisualScripting.IonicZip.dll
Native extension for WindowsStandalone target not found
Refreshing native plugins compatible for Editor in 67.82 ms, found 3 plugins.
Preloading 0 native plugins for Editor in 0.00 ms.
Mono: successfully reloaded assembly
- Completed reload, in  0.800 seconds
Domain Reload Profiling:
	ReloadAssembly (800ms)
		BeginReloadAssembly (62ms)
			ExecutionOrderSort (0ms)
			DisableScriptedObjects (3ms)
			BackupInstance (0ms)
			ReleaseScriptingObjects (0ms)
			CreateAndSetChildDomain (12ms)
		EndReloadAssembly (663ms)
			LoadAssemblies (50ms)
			RebuildTransferFunctionScriptingTraits (0ms)
			SetupTypeCache (170ms)
			ReleaseScriptCaches (0ms)
			RebuildScriptCaches (41ms)
			SetupLoadedEditorAssemblies (369ms)
				LogAssemblyErrors (0ms)
				InitializePlatformSupportModulesInManaged (2ms)
				SetLoadedEditorAssemblies (0ms)
				RefreshPlugins (68ms)
				BeforeProcessingInitializeOnLoad (60ms)
				ProcessInitializeOnLoadAttributes (184ms)
				ProcessInitializeOnLoadMethodAttributes (51ms)
				AfterProcessingInitializeOnLoad (3ms)
				EditorAssembliesLoaded (0ms)
			ExecutionOrderSort2 (0ms)
			AwakeInstancesAfterBackupRestoration (4ms)
Platform modules already initialized, skipping
========================================================================
Worker process is ready to serve import requests
Launched and connected shader compiler UnityShaderCompiler.exe after 0.03 seconds
Refreshing native plugins compatible for Editor in 0.60 ms, found 3 plugins.
Preloading 0 native plugins for Editor in 0.00 ms.
Unloading 5289 Unused Serialized files (Serialized files now loaded: 0)
Unloading 47 unused Assets / (0.8 MB). Loaded Objects now: 5742.
Memory consumption went from 212.3 MB to 211.5 MB.
Total: 3.254300 ms (FindLiveObjects: 0.241800 ms CreateObjectMapping: 0.139400 ms MarkObjects: 2.522500 ms  DeleteObjects: 0.349500 ms)

AssetImportParameters requested are different than current active one (requested -> active):
  custom:video-decoder-ogg-theora: a1e56fd34408186e4bbccfd4996cb3dc -> 
  custom:container-muxer-webm: aa71ff27fc2769a1b78a27578f13a17b -> 
  custom:container-demuxer-webm: 4f35f7cbe854078d1ac9338744f61a02 -> 
  custom:video-encoder-webm-vp8: eb34c28f22e8b96e1ab97ce403110664 -> 
  custom:video-codec-MediaFoundation-h265: e54d7ab0439102e2317fc1e4b246158d -> 
  custom:audio-encoder-webm-vorbis: bf7c407c2cedff20999df2af8eb42d56 -> 
  custom:framework-win-MediaFoundation: 216162199b28c13a410421893ffa2e32 -> 
  custom:container-demuxer-ogg: 62fdf1f143b41e24485cea50d1cbac27 -> 
  custom:video-decoder-webm-vp8: 9c59270c3fd7afecdb556c50c9e8de78 -> 
  custom:audio-decoder-ogg-vorbis: bf7c407c2cedff20999df2af8eb42d56 -> 
========================================================================
Received Prepare
Registering precompiled user dll's ...
Registered in 0.004480 seconds.
Begin MonoManager ReloadAssembly
Symbol file LoadedFromMemory doesn't match image C:\Users\Mark\Documents\GitHub\TurnBased-Prototype\TurnBased-Prototype\Library\PackageCache\com.unity.visualscripting@1.7.8\Editor\VisualScripting.Core\Dependencies\YamlDotNet\Unity.VisualScripting.YamlDotNet.dll
Symbol file LoadedFromMemory doesn't match image C:\Users\Mark\Documents\GitHub\TurnBased-Prototype\TurnBased-Prototype\Library\PackageCache\com.unity.visualscripting@1.7.8\Editor\VisualScripting.Core\Dependencies\DotNetZip\Unity.VisualScripting.IonicZip.dll
Native extension for WindowsStandalone target not found
Refreshing native plugins compatible for Editor in 0.57 ms, found 3 plugins.
Preloading 0 native plugins for Editor in 0.00 ms.
Mono: successfully reloaded assembly
- Completed reload, in  0.705 seconds
Domain Reload Profiling:
	ReloadAssembly (705ms)
		BeginReloadAssembly (83ms)
			ExecutionOrderSort (0ms)
			DisableScriptedObjects (2ms)
			BackupInstance (0ms)
			ReleaseScriptingObjects (0ms)
			CreateAndSetChildDomain (25ms)
		EndReloadAssembly (564ms)
			LoadAssemblies (52ms)
			RebuildTransferFunctionScriptingTraits (0ms)
			SetupTypeCache (165ms)
			ReleaseScriptCaches (1ms)
			RebuildScriptCaches (30ms)
			SetupLoadedEditorAssemblies (284ms)
				LogAssemblyErrors (0ms)
				InitializePlatformSupportModulesInManaged (8ms)
				SetLoadedEditorAssemblies (0ms)
				RefreshPlugins (1ms)
				BeforeProcessingInitializeOnLoad (44ms)
				ProcessInitializeOnLoadAttributes (171ms)
				ProcessInitializeOnLoadMethodAttributes (55ms)
				AfterProcessingInitializeOnLoad (4ms)
				EditorAssembliesLoaded (0ms)
			ExecutionOrderSort2 (0ms)
			AwakeInstancesAfterBackupRestoration (9ms)
Platform modules already initialized, skipping
Refreshing native plugins compatible for Editor in 1.52 ms, found 3 plugins.
Preloading 0 native plugins for Editor in 0.00 ms.
Unloading 5147 Unused Serialized files (Serialized files now loaded: 0)
Unloading 28 unused Assets / (0.8 MB). Loaded Objects now: 5757.
Memory consumption went from 201.8 MB to 201.0 MB.
Total: 2.719200 ms (FindLiveObjects: 0.338000 ms CreateObjectMapping: 0.144900 ms MarkObjects: 2.025300 ms  DeleteObjects: 0.209600 ms)

AssetImportParameters requested are different than current active one (requested -> active):
  custom:video-decoder-ogg-theora: a1e56fd34408186e4bbccfd4996cb3dc -> 
  custom:container-muxer-webm: aa71ff27fc2769a1b78a27578f13a17b -> 
  custom:container-demuxer-webm: 4f35f7cbe854078d1ac9338744f61a02 -> 
  custom:video-encoder-webm-vp8: eb34c28f22e8b96e1ab97ce403110664 -> 
  custom:video-codec-MediaFoundation-h265: e54d7ab0439102e2317fc1e4b246158d -> 
  custom:audio-encoder-webm-vorbis: bf7c407c2cedff20999df2af8eb42d56 -> 
  custom:framework-win-MediaFoundation: 216162199b28c13a410421893ffa2e32 -> 
  custom:container-demuxer-ogg: 62fdf1f143b41e24485cea50d1cbac27 -> 
  custom:video-decoder-webm-vp8: 9c59270c3fd7afecdb556c50c9e8de78 -> 
  custom:audio-decoder-ogg-vorbis: bf7c407c2cedff20999df2af8eb42d56 -> 
========================================================================
Received Import Request.
  Time since last request: 72987.484033 seconds.
  path: Assets/Materials/MouseWorldPosition.mat
  artifactKey: Guid(6e3d99f301ac0cb4e9cc51d5fed6eb10) Importer(815301076,1909f56bfc062723c751e8b465ee728b)
Start importing Assets/Materials/MouseWorldPosition.mat using Guid(6e3d99f301ac0cb4e9cc51d5fed6eb10) Importer(815301076,1909f56bfc062723c751e8b465ee728b)  -> (artifact id: 'dc562af45def9f947c74f34d761287fc') in 0.177521 seconds 
========================================================================
Received Import Request.
  Time since last request: 0.133057 seconds.
  path: Assets/Asset Packs/PolygonPrototype/Materials/FX/PolygonPrototype_FX_GlowRing.mat
  artifactKey: Guid(bf8b699dcdcd73e49a261a38c68b012b) Importer(815301076,1909f56bfc062723c751e8b465ee728b)
Start importing Assets/Asset Packs/PolygonPrototype/Materials/FX/PolygonPrototype_FX_GlowRing.mat using Guid(bf8b699dcdcd73e49a261a38c68b012b) Importer(815301076,1909f56bfc062723c751e8b465ee728b)  -> (artifact id: '6408a622d3ff16d9549bc20f59c6d13c') in 0.028444 seconds 
========================================================================
Received Import Request.
  Time since last request: 0.430114 seconds.
  path: Assets/Asset Packs/PolygonPrototype/Materials/PolygonPrototype_Glass_Global.mat
  artifactKey: Guid(0e6d9344d5bbb9a4abca1058f4e295d6) Importer(815301076,1909f56bfc062723c751e8b465ee728b)
Start importing Assets/Asset Packs/PolygonPrototype/Materials/PolygonPrototype_Glass_Global.mat using Guid(0e6d9344d5bbb9a4abca1058f4e295d6) Importer(815301076,1909f56bfc062723c751e8b465ee728b)  -> (artifact id: '8786b143f615fa6848d9ddde8bc199ef') in 0.951137 seconds 
========================================================================
Received Import Request.
  Time since last request: 0.177301 seconds.
  path: Assets/Asset Packs/PolygonPrototype/Materials/PolygonPrototype_Global_Grid_07.mat
  artifactKey: Guid(6615f1708a4932646adcdc55932feefa) Importer(815301076,1909f56bfc062723c751e8b465ee728b)
Start importing Assets/Asset Packs/PolygonPrototype/Materials/PolygonPrototype_Global_Grid_07.mat using Guid(6615f1708a4932646adcdc55932feefa) Importer(815301076,1909f56bfc062723c751e8b465ee728b)  -> (artifact id: '90a504fb31e9b5eb26cbc4798e8b4545') in 0.016367 seconds 
========================================================================
Received Import Request.
  Time since last request: 0.055679 seconds.
  path: Assets/Asset Packs/PolygonPrototype/Materials/Misc/PolygonPrototype_Glow.mat
  artifactKey: Guid(5a9603aa200ca0c45bf4ce1b20e1a39a) Importer(815301076,1909f56bfc062723c751e8b465ee728b)
Start importing Assets/Asset Packs/PolygonPrototype/Materials/Misc/PolygonPrototype_Glow.mat using Guid(5a9603aa200ca0c45bf4ce1b20e1a39a) Importer(815301076,1909f56bfc062723c751e8b465ee728b)  -> (artifact id: 'b4d040fdbdcd123902ff70c1c5fb854f') in 0.016783 seconds 
========================================================================
Received Import Request.
  Time since last request: 0.475361 seconds.
  path: Assets/Asset Packs/PolygonPrototype/Materials/PolygonPrototype_Texture_01.mat
  artifactKey: Guid(41680dad0f0243748b4e228f49a2e3c4) Importer(815301076,1909f56bfc062723c751e8b465ee728b)
Start importing Assets/Asset Packs/PolygonPrototype/Materials/PolygonPrototype_Texture_01.mat using Guid(41680dad0f0243748b4e228f49a2e3c4) Importer(815301076,1909f56bfc062723c751e8b465ee728b)  -> (artifact id: '0e36bfcd47304f90d962107480f9c5c6') in 0.012841 seconds 
========================================================================
Received Import Request.
  Time since last request: 0.018193 seconds.
  path: Assets/Asset Packs/PolygonPrototype/Materials/PolygonPrototype_Texture_02.mat
  artifactKey: Guid(f685a57b9da560a448bb95374a652f90) Importer(815301076,1909f56bfc062723c751e8b465ee728b)
Start importing Assets/Asset Packs/PolygonPrototype/Materials/PolygonPrototype_Texture_02.mat using Guid(f685a57b9da560a448bb95374a652f90) Importer(815301076,1909f56bfc062723c751e8b465ee728b)  -> (artifact id: '76ce57aad05d00802a87ca0c63b574e8') in 0.019181 seconds 
========================================================================
Received Import Request.
  Time since last request: 0.000021 seconds.
  path: Assets/Asset Packs/PolygonPrototype/Materials/PolygonPrototype_Texture_05.mat
  artifactKey: Guid(40347e2344b3ed04a8165ea238a93a0b) Importer(815301076,1909f56bfc062723c751e8b465ee728b)
Start importing Assets/Asset Packs/PolygonPrototype/Materials/PolygonPrototype_Texture_05.mat using Guid(40347e2344b3ed04a8165ea238a93a0b) Importer(815301076,1909f56bfc062723c751e8b465ee728b)  -> (artifact id: '8e7f1cb20baaf6645efc3321de04943b') in 0.023939 seconds 
========================================================================
Received Import Request.
  Time since last request: 0.326747 seconds.
  path: Assets/Asset Packs/PolygonPrototype/Materials/PolygonPrototype_Texture_06.mat
  artifactKey: Guid(25af05085d2957e42ac6b80b69ddd26a) Importer(815301076,1909f56bfc062723c751e8b465ee728b)
Start importing Assets/Asset Packs/PolygonPrototype/Materials/PolygonPrototype_Texture_06.mat using Guid(25af05085d2957e42ac6b80b69ddd26a) Importer(815301076,1909f56bfc062723c751e8b465ee728b)  -> (artifact id: 'a3c7af1251bbe75be2d7d327564b029f') in 0.012395 seconds 
========================================================================
Received Import Request.
  Time since last request: 0.018833 seconds.
  path: Assets/Asset Packs/PolygonPrototype/Materials/PolygonPrototype_Texture_08.mat
  artifactKey: Guid(4d1c11ecf91c18d4e86d3818e8c650cc) Importer(815301076,1909f56bfc062723c751e8b465ee728b)
Start importing Assets/Asset Packs/PolygonPrototype/Materials/PolygonPrototype_Texture_08.mat using Guid(4d1c11ecf91c18d4e86d3818e8c650cc) Importer(815301076,1909f56bfc062723c751e8b465ee728b)  -> (artifact id: 'e7d6bb691337e18c39c5482d1c099291') in 0.012091 seconds 
========================================================================
Received Import Request.
  Time since last request: 0.007377 seconds.
  path: Assets/Asset Packs/PolygonPrototype/Materials/PolygonPrototype_Texture_10.mat
  artifactKey: Guid(1e3f4dd6698853844b8cab4c33a09c96) Importer(815301076,1909f56bfc062723c751e8b465ee728b)
Start importing Assets/Asset Packs/PolygonPrototype/Materials/PolygonPrototype_Texture_10.mat using Guid(1e3f4dd6698853844b8cab4c33a09c96) Importer(815301076,1909f56bfc062723c751e8b465ee728b)  -> (artifact id: 'f2e8e6ec39897e701a10ac77267101f1') in 0.022424 seconds 
========================================================================
Received Import Request.
  Time since last request: 0.307233 seconds.
  path: Assets/Asset Packs/PolygonPrototype/Materials/PolygonPrototype_Wire.mat
  artifactKey: Guid(d3c006a1b9a8b264f8bee7b56f38100a) Importer(815301076,1909f56bfc062723c751e8b465ee728b)
Start importing Assets/Asset Packs/PolygonPrototype/Materials/PolygonPrototype_Wire.mat using Guid(d3c006a1b9a8b264f8bee7b56f38100a) Importer(815301076,1909f56bfc062723c751e8b465ee728b)  -> (artifact id: '3d5cdb344f4e0dd44d4d0800136d4e7c') in 0.629426 seconds 
========================================================================
Received Import Request.
  Time since last request: 3.140166 seconds.
  path: Packages/com.unity.render-pipelines.universal/Runtime/Materials/SimpleLit.mat
  artifactKey: Guid(6a1143ee683302f4aa628c052723efc1) Importer(815301076,1909f56bfc062723c751e8b465ee728b)
Start importing Packages/com.unity.render-pipelines.universal/Runtime/Materials/SimpleLit.mat using Guid(6a1143ee683302f4aa628c052723efc1) Importer(815301076,1909f56bfc062723c751e8b465ee728b)  -> (artifact id: '2f32fb967c72978550d62a2b10d4140a') in 0.704396 seconds 
========================================================================
Received Import Request.
  Time since last request: 5.123652 seconds.
  path: Packages/com.unity.render-pipelines.universal/Runtime/Materials/Decal.mat
  artifactKey: Guid(31d0dcc6f2dd4e4408d18036a2c93862) Importer(815301076,1909f56bfc062723c751e8b465ee728b)
Start importing Packages/com.unity.render-pipelines.universal/Runtime/Materials/Decal.mat using Guid(31d0dcc6f2dd4e4408d18036a2c93862) Importer(815301076,1909f56bfc062723c751e8b465ee728b)  -> (artifact id: '4d72f4843d4580279e4e4b21e412d6ad') in 0.018448 seconds 
Editor requested this worker to shutdown with reason: Scaling down because of idle timeout
AssetImportWorker is now disconnected from the server
Process exiting
Exiting without the bug reporter. Application will terminate with return code 0